{"/home/travis/build/npmtest/node-npmtest-xmlbuilder/test.js":{"path":"/home/travis/build/npmtest/node-npmtest-xmlbuilder/test.js","s":{"1":2,"2":2,"3":2,"4":2,"5":2,"6":2,"7":2,"8":1,"9":2,"10":2,"11":1,"12":1,"13":1,"14":1,"15":2,"16":2,"17":2,"18":2,"19":1,"20":1,"21":2,"22":2,"23":2,"24":1,"25":1,"26":1,"27":1,"28":1,"29":1,"30":1,"31":1,"32":1,"33":1,"34":1,"35":1,"36":1,"37":1,"38":1,"39":2,"40":2,"41":1,"42":2,"43":2,"44":1,"45":2,"46":2,"47":1,"48":2,"49":2,"50":1,"51":1,"52":1,"53":1,"54":1},"b":{"1":[2,1,1,1],"2":[1,1,1,1],"3":[1,1],"4":[1,1],"5":[1,1],"6":[1,1],"7":[1,1],"8":[1,1],"9":[1,1],"10":[1,1,1],"11":[1,1],"12":[1,1],"13":[1,1],"14":[1,1],"15":[1,1],"16":[1,1],"17":[1,1]},"f":{"1":2,"2":2,"3":2,"4":2,"5":2,"6":1,"7":1,"8":1,"9":2,"10":2,"11":2,"12":2,"13":1},"fnMap":{"1":{"name":"(anonymous_1)","line":12,"loc":{"start":{"line":12,"column":1},"end":{"line":12,"column":13}}},"2":{"name":"(anonymous_2)","line":19,"loc":{"start":{"line":19,"column":5},"end":{"line":19,"column":17}}},"3":{"name":"(anonymous_3)","line":23,"loc":{"start":{"line":23,"column":24},"end":{"line":23,"column":36}}},"4":{"name":"(anonymous_4)","line":61,"loc":{"start":{"line":61,"column":5},"end":{"line":61,"column":17}}},"5":{"name":"(anonymous_5)","line":82,"loc":{"start":{"line":82,"column":5},"end":{"line":82,"column":17}}},"6":{"name":"(anonymous_6)","line":91,"loc":{"start":{"line":91,"column":77},"end":{"line":94,"column":10}}},"7":{"name":"(anonymous_7)","line":112,"loc":{"start":{"line":112,"column":83},"end":{"line":115,"column":10}},"skip":true},"8":{"name":"(anonymous_8)","line":123,"loc":{"start":{"line":123,"column":77},"end":{"line":126,"column":10}},"skip":true},"9":{"name":"(anonymous_9)","line":139,"loc":{"start":{"line":139,"column":12},"end":{"line":139,"column":40}},"skip":true},"10":{"name":"(anonymous_10)","line":147,"loc":{"start":{"line":147,"column":77},"end":{"line":150,"column":10}},"skip":true},"11":{"name":"(anonymous_11)","line":158,"loc":{"start":{"line":158,"column":83},"end":{"line":161,"column":10}},"skip":true},"12":{"name":"(anonymous_12)","line":169,"loc":{"start":{"line":169,"column":79},"end":{"line":172,"column":10}},"skip":true},"13":{"name":"(anonymous_13)","line":180,"loc":{"start":{"line":180,"column":75},"end":{"line":183,"column":10}},"skip":true}},"statementMap":{"1":{"start":{"line":12,"column":0},"end":{"line":195,"column":5}},"2":{"start":{"line":14,"column":4},"end":{"line":14,"column":14}},"3":{"start":{"line":19,"column":4},"end":{"line":56,"column":9}},"4":{"start":{"line":21,"column":8},"end":{"line":21,"column":19}},"5":{"start":{"line":23,"column":8},"end":{"line":35,"column":13}},"6":{"start":{"line":24,"column":12},"end":{"line":34,"column":13}},"7":{"start":{"line":25,"column":16},"end":{"line":28,"column":30}},"8":{"start":{"line":30,"column":16},"end":{"line":33,"column":27}},"9":{"start":{"line":37,"column":8},"end":{"line":39,"column":21}},"10":{"start":{"line":40,"column":8},"end":{"line":53,"column":9}},"11":{"start":{"line":43,"column":12},"end":{"line":46,"column":14}},"12":{"start":{"line":47,"column":12},"end":{"line":47,"column":18}},"13":{"start":{"line":50,"column":12},"end":{"line":51,"column":46}},"14":{"start":{"line":52,"column":12},"end":{"line":52,"column":18}},"15":{"start":{"line":55,"column":8},"end":{"line":55,"column":35}},"16":{"start":{"line":61,"column":4},"end":{"line":63,"column":9}},"17":{"start":{"line":62,"column":8},"end":{"line":62,"column":15}},"18":{"start":{"line":64,"column":4},"end":{"line":77,"column":5}},"19":{"start":{"line":70,"column":8},"end":{"line":70,"column":14}},"20":{"start":{"line":76,"column":8},"end":{"line":76,"column":14}},"21":{"start":{"line":82,"column":4},"end":{"line":84,"column":9}},"22":{"start":{"line":83,"column":8},"end":{"line":83,"column":15}},"23":{"start":{"line":85,"column":4},"end":{"line":194,"column":5}},"24":{"start":{"line":91,"column":8},"end":{"line":99,"column":10}},"25":{"start":{"line":98,"column":12},"end":{"line":98,"column":35}},"26":{"start":{"line":102,"column":8},"end":{"line":104,"column":63}},"27":{"start":{"line":105,"column":8},"end":{"line":105,"column":14}},"28":{"start":{"line":112,"column":8},"end":{"line":121,"column":10},"skip":true},"29":{"start":{"line":119,"column":12},"end":{"line":119,"column":55},"skip":true},"30":{"start":{"line":120,"column":12},"end":{"line":120,"column":48},"skip":true},"31":{"start":{"line":123,"column":8},"end":{"line":136,"column":10},"skip":true},"32":{"start":{"line":130,"column":12},"end":{"line":130,"column":76},"skip":true},"33":{"start":{"line":131,"column":12},"end":{"line":131,"column":73},"skip":true},"34":{"start":{"line":132,"column":12},"end":{"line":132,"column":74},"skip":true},"35":{"start":{"line":133,"column":12},"end":{"line":133,"column":79},"skip":true},"36":{"start":{"line":134,"column":12},"end":{"line":134,"column":25},"skip":true},"37":{"start":{"line":135,"column":12},"end":{"line":135,"column":45},"skip":true},"38":{"start":{"line":138,"column":8},"end":{"line":145,"column":14},"skip":true},"39":{"start":{"line":143,"column":16},"end":{"line":143,"column":29},"skip":true},"40":{"start":{"line":144,"column":16},"end":{"line":144,"column":55},"skip":true},"41":{"start":{"line":147,"column":8},"end":{"line":156,"column":10},"skip":true},"42":{"start":{"line":154,"column":12},"end":{"line":154,"column":25},"skip":true},"43":{"start":{"line":155,"column":12},"end":{"line":155,"column":45},"skip":true},"44":{"start":{"line":158,"column":8},"end":{"line":167,"column":10},"skip":true},"45":{"start":{"line":165,"column":12},"end":{"line":165,"column":25},"skip":true},"46":{"start":{"line":166,"column":12},"end":{"line":166,"column":48},"skip":true},"47":{"start":{"line":169,"column":8},"end":{"line":178,"column":10},"skip":true},"48":{"start":{"line":176,"column":12},"end":{"line":176,"column":25},"skip":true},"49":{"start":{"line":177,"column":12},"end":{"line":177,"column":46},"skip":true},"50":{"start":{"line":180,"column":8},"end":{"line":189,"column":10},"skip":true},"51":{"start":{"line":187,"column":12},"end":{"line":187,"column":94},"skip":true},"52":{"start":{"line":188,"column":12},"end":{"line":188,"column":48},"skip":true},"53":{"start":{"line":192,"column":8},"end":{"line":192,"column":35},"skip":true},"54":{"start":{"line":193,"column":8},"end":{"line":193,"column":14},"skip":true}},"branchMap":{"1":{"line":25,"type":"binary-expr","locations":[{"start":{"line":25,"column":23},"end":{"line":25,"column":62}},{"start":{"line":26,"column":20},"end":{"line":26,"column":70}},{"start":{"line":27,"column":20},"end":{"line":27,"column":71}},{"start":{"line":28,"column":20},"end":{"line":28,"column":29}}]},"2":{"line":30,"type":"binary-expr","locations":[{"start":{"line":30,"column":23},"end":{"line":30,"column":37}},{"start":{"line":31,"column":20},"end":{"line":31,"column":61}},{"start":{"line":32,"column":20},"end":{"line":32,"column":70}},{"start":{"line":33,"column":20},"end":{"line":33,"column":26}}]},"3":{"line":37,"type":"cond-expr","locations":[{"start":{"line":38,"column":14},"end":{"line":38,"column":20}},{"start":{"line":39,"column":14},"end":{"line":39,"column":20}}]},"4":{"line":40,"type":"switch","locations":[{"start":{"line":42,"column":8},"end":{"line":47,"column":18}},{"start":{"line":49,"column":8},"end":{"line":52,"column":18}}]},"5":{"line":44,"type":"binary-expr","locations":[{"start":{"line":44,"column":16},"end":{"line":44,"column":44}},{"start":{"line":44,"column":48},"end":{"line":44,"column":66}}]},"6":{"line":50,"type":"binary-expr","locations":[{"start":{"line":50,"column":21},"end":{"line":50,"column":49}},{"start":{"line":50,"column":53},"end":{"line":50,"column":72}}]},"7":{"line":64,"type":"switch","locations":[{"start":{"line":69,"column":4},"end":{"line":70,"column":14}},{"start":{"line":75,"column":4},"end":{"line":76,"column":14}}]},"8":{"line":85,"type":"switch","locations":[{"start":{"line":90,"column":4},"end":{"line":105,"column":14}},{"start":{"line":111,"column":4},"end":{"line":193,"column":14},"skip":true}]},"9":{"line":91,"type":"binary-expr","locations":[{"start":{"line":91,"column":42},"end":{"line":91,"column":73}},{"start":{"line":91,"column":77},"end":{"line":99,"column":9}}]},"10":{"line":102,"type":"binary-expr","locations":[{"start":{"line":102,"column":18},"end":{"line":102,"column":32}},{"start":{"line":103,"column":12},"end":{"line":103,"column":53}},{"start":{"line":104,"column":12},"end":{"line":104,"column":61}}]},"11":{"line":112,"type":"binary-expr","locations":[{"start":{"line":112,"column":45},"end":{"line":112,"column":79},"skip":true},{"start":{"line":112,"column":83},"end":{"line":121,"column":9},"skip":true}]},"12":{"line":123,"type":"binary-expr","locations":[{"start":{"line":123,"column":42},"end":{"line":123,"column":73},"skip":true},{"start":{"line":123,"column":77},"end":{"line":136,"column":9},"skip":true}]},"13":{"line":138,"type":"binary-expr","locations":[{"start":{"line":138,"column":48},"end":{"line":138,"column":85},"skip":true},{"start":{"line":139,"column":12},"end":{"line":145,"column":13},"skip":true}]},"14":{"line":147,"type":"binary-expr","locations":[{"start":{"line":147,"column":42},"end":{"line":147,"column":73},"skip":true},{"start":{"line":147,"column":77},"end":{"line":156,"column":9},"skip":true}]},"15":{"line":158,"type":"binary-expr","locations":[{"start":{"line":158,"column":45},"end":{"line":158,"column":79},"skip":true},{"start":{"line":158,"column":83},"end":{"line":167,"column":9},"skip":true}]},"16":{"line":169,"type":"binary-expr","locations":[{"start":{"line":169,"column":43},"end":{"line":169,"column":75},"skip":true},{"start":{"line":169,"column":79},"end":{"line":178,"column":9},"skip":true}]},"17":{"line":180,"type":"binary-expr","locations":[{"start":{"line":180,"column":41},"end":{"line":180,"column":71},"skip":true},{"start":{"line":180,"column":75},"end":{"line":189,"column":9},"skip":true}]}},"code":["/* istanbul instrument in package npmtest_xmlbuilder */","/*jslint","    bitwise: true,","    browser: true,","    maxerr: 8,","    maxlen: 96,","    node: true,","    nomen: true,","    regexp: true,","    stupid: true","*/","(function () {","    'use strict';","    var local;","","","","    // run shared js-env code - pre-init","    (function () {","        // init local","        local = {};","        // init modeJs","        local.modeJs = (function () {","            try {","                return typeof navigator.userAgent === 'string' &&","                    typeof document.querySelector('body') === 'object' &&","                    typeof XMLHttpRequest.prototype.open === 'function' &&","                    'browser';","            } catch (errorCaughtBrowser) {","                return module.exports &&","                    typeof process.versions.node === 'string' &&","                    typeof require('http').createServer === 'function' &&","                    'node';","            }","        }());","        // init global","        local.global = local.modeJs === 'browser'","            ? window","            : global;","        switch (local.modeJs) {","        // re-init local from window.local","        case 'browser':","            local = local.global.utility2.objectSetDefault(","                local.global.utility2_rollup || local.global.local,","                local.global.utility2","            );","            break;","        // re-init local from example.js","        case 'node':","            local = (local.global.utility2_rollup || require('utility2'))","                .requireExampleJsFromReadme();","            break;","        }","        // export local","        local.global.local = local;","    }());","","","","    // run shared js-env code - function","    (function () {","        return;","    }());","    switch (local.modeJs) {","","","","    // run browser js-env code - function","    case 'browser':","        break;","","","","    // run node js-env code - function","    case 'node':","        break;","    }","","","","    // run shared js-env code - post-init","    (function () {","        return;","    }());","    switch (local.modeJs) {","","","","    // run browser js-env code - post-init","    case 'browser':","        local.testCase_browser_nullCase = local.testCase_browser_nullCase || function (","            options,","            onError","        ) {","        /*","         * this function will test browsers's null-case handling-behavior-behavior","         */","            onError(null, options);","        };","","        // run tests","        local.nop(local.modeTest &&","            document.querySelector('#testRunButton1') &&","            document.querySelector('#testRunButton1').click());","        break;","","","","    // run node js-env code - post-init","    /* istanbul ignore next */","    case 'node':","        local.testCase_buildApidoc_default = local.testCase_buildApidoc_default || function (","            options,","            onError","        ) {","        /*","         * this function will test buildApidoc's default handling-behavior-behavior","         */","            options = { modulePathList: module.paths };","            local.buildApidoc(options, onError);","        };","","        local.testCase_buildApp_default = local.testCase_buildApp_default || function (","            options,","            onError","        ) {","        /*","         * this function will test buildApp's default handling-behavior-behavior","         */","            local.testCase_buildReadme_default(options, local.onErrorThrow);","            local.testCase_buildLib_default(options, local.onErrorThrow);","            local.testCase_buildTest_default(options, local.onErrorThrow);","            local.testCase_buildCustomOrg_default(options, local.onErrorThrow);","            options = [];","            local.buildApp(options, onError);","        };","","        local.testCase_buildCustomOrg_default = local.testCase_buildCustomOrg_default ||","            function (options, onError) {","            /*","             * this function will test buildCustomOrg's default handling-behavior","             */","                options = {};","                local.buildCustomOrg(options, onError);","            };","","        local.testCase_buildLib_default = local.testCase_buildLib_default || function (","            options,","            onError","        ) {","        /*","         * this function will test buildLib's default handling-behavior","         */","            options = {};","            local.buildLib(options, onError);","        };","","        local.testCase_buildReadme_default = local.testCase_buildReadme_default || function (","            options,","            onError","        ) {","        /*","         * this function will test buildReadme's default handling-behavior-behavior","         */","            options = {};","            local.buildReadme(options, onError);","        };","","        local.testCase_buildTest_default = local.testCase_buildTest_default || function (","            options,","            onError","        ) {","        /*","         * this function will test buildTest's default handling-behavior","         */","            options = {};","            local.buildTest(options, onError);","        };","","        local.testCase_webpage_default = local.testCase_webpage_default || function (","            options,","            onError","        ) {","        /*","         * this function will test webpage's default handling-behavior","         */","            options = { modeCoverageMerge: true, url: local.serverLocalHost + '?modeTest=1' };","            local.browserTest(options, onError);","        };","","        // run test-server","        local.testRunServer(local);","        break;","    }","}());",""],"l":{"12":2,"14":2,"19":2,"21":2,"23":2,"24":2,"25":2,"30":1,"37":2,"40":2,"43":1,"47":1,"50":1,"52":1,"55":2,"61":2,"62":2,"64":2,"70":1,"76":1,"82":2,"83":2,"85":2,"91":1,"98":1,"102":1,"105":1,"112":1,"119":1,"120":1,"123":1,"130":1,"131":1,"132":1,"133":1,"134":1,"135":1,"138":1,"143":2,"144":2,"147":1,"154":2,"155":2,"158":1,"165":2,"166":2,"169":1,"176":2,"177":2,"180":1,"187":1,"188":1,"192":1,"193":1}},"/home/travis/build/npmtest/node-npmtest-xmlbuilder/lib.npmtest_xmlbuilder.js":{"path":"/home/travis/build/npmtest/node-npmtest-xmlbuilder/lib.npmtest_xmlbuilder.js","s":{"1":2,"2":2,"3":2,"4":2,"5":2,"6":2,"7":2,"8":1,"9":2,"10":2,"11":2,"12":2,"13":1,"14":1,"15":1,"16":1},"b":{"1":[2,1,1,1],"2":[1,1,1,1],"3":[1,1],"4":[2,2],"5":[1,1]},"f":{"1":2,"2":2,"3":2},"fnMap":{"1":{"name":"(anonymous_1)","line":12,"loc":{"start":{"line":12,"column":1},"end":{"line":12,"column":13}}},"2":{"name":"(anonymous_2)","line":19,"loc":{"start":{"line":19,"column":5},"end":{"line":19,"column":17}}},"3":{"name":"(anonymous_3)","line":23,"loc":{"start":{"line":23,"column":24},"end":{"line":23,"column":36}}}},"statementMap":{"1":{"start":{"line":12,"column":0},"end":{"line":53,"column":5}},"2":{"start":{"line":14,"column":4},"end":{"line":14,"column":14}},"3":{"start":{"line":19,"column":4},"end":{"line":52,"column":9}},"4":{"start":{"line":21,"column":8},"end":{"line":21,"column":19}},"5":{"start":{"line":23,"column":8},"end":{"line":35,"column":13}},"6":{"start":{"line":24,"column":12},"end":{"line":34,"column":13}},"7":{"start":{"line":25,"column":16},"end":{"line":28,"column":30}},"8":{"start":{"line":30,"column":16},"end":{"line":33,"column":27}},"9":{"start":{"line":37,"column":8},"end":{"line":39,"column":21}},"10":{"start":{"line":41,"column":8},"end":{"line":41,"column":54}},"11":{"start":{"line":43,"column":8},"end":{"line":43,"column":55}},"12":{"start":{"line":45,"column":8},"end":{"line":51,"column":9}},"13":{"start":{"line":46,"column":12},"end":{"line":46,"column":61}},"14":{"start":{"line":48,"column":12},"end":{"line":48,"column":35}},"15":{"start":{"line":49,"column":12},"end":{"line":49,"column":49}},"16":{"start":{"line":50,"column":12},"end":{"line":50,"column":43}}},"branchMap":{"1":{"line":25,"type":"binary-expr","locations":[{"start":{"line":25,"column":23},"end":{"line":25,"column":62}},{"start":{"line":26,"column":20},"end":{"line":26,"column":70}},{"start":{"line":27,"column":20},"end":{"line":27,"column":71}},{"start":{"line":28,"column":20},"end":{"line":28,"column":29}}]},"2":{"line":30,"type":"binary-expr","locations":[{"start":{"line":30,"column":23},"end":{"line":30,"column":37}},{"start":{"line":31,"column":20},"end":{"line":31,"column":61}},{"start":{"line":32,"column":20},"end":{"line":32,"column":70}},{"start":{"line":33,"column":20},"end":{"line":33,"column":26}}]},"3":{"line":37,"type":"cond-expr","locations":[{"start":{"line":38,"column":14},"end":{"line":38,"column":20}},{"start":{"line":39,"column":14},"end":{"line":39,"column":20}}]},"4":{"line":41,"type":"binary-expr","locations":[{"start":{"line":41,"column":16},"end":{"line":41,"column":44}},{"start":{"line":41,"column":48},"end":{"line":41,"column":53}}]},"5":{"line":45,"type":"if","locations":[{"start":{"line":45,"column":8},"end":{"line":45,"column":8}},{"start":{"line":45,"column":8},"end":{"line":45,"column":8}}]}},"code":["/* istanbul instrument in package npmtest_xmlbuilder */","/*jslint","    bitwise: true,","    browser: true,","    maxerr: 8,","    maxlen: 96,","    node: true,","    nomen: true,","    regexp: true,","    stupid: true","*/","(function () {","    'use strict';","    var local;","","","","    // run shared js-env code - pre-init","    (function () {","        // init local","        local = {};","        // init modeJs","        local.modeJs = (function () {","            try {","                return typeof navigator.userAgent === 'string' &&","                    typeof document.querySelector('body') === 'object' &&","                    typeof XMLHttpRequest.prototype.open === 'function' &&","                    'browser';","            } catch (errorCaughtBrowser) {","                return module.exports &&","                    typeof process.versions.node === 'string' &&","                    typeof require('http').createServer === 'function' &&","                    'node';","            }","        }());","        // init global","        local.global = local.modeJs === 'browser'","            ? window","            : global;","        // init utility2_rollup","        local = local.global.utility2_rollup || local;","        // init lib","        local.local = local.npmtest_xmlbuilder = local;","        // init exports","        if (local.modeJs === 'browser') {","            local.global.utility2_npmtest_xmlbuilder = local;","        } else {","            module.exports = local;","            module.exports.__dirname = __dirname;","            module.exports.module = module;","        }","    }());","}());",""],"l":{"12":2,"14":2,"19":2,"21":2,"23":2,"24":2,"25":2,"30":1,"37":2,"41":2,"43":2,"45":2,"46":1,"48":1,"49":1,"50":1}},"/home/travis/build/npmtest/node-npmtest-xmlbuilder/example.js":{"path":"/home/travis/build/npmtest/node-npmtest-xmlbuilder/example.js","s":{"1":2,"2":2,"3":2,"4":2,"5":2,"6":2,"7":2,"8":1,"9":2,"10":2,"11":2,"12":2,"13":1,"14":2,"15":2,"16":2,"17":2,"18":2,"19":0,"20":2,"21":1,"22":1,"23":1,"24":1,"25":1,"26":0,"27":0,"28":1,"29":1,"30":2,"31":0,"32":0,"33":0,"34":1,"35":2,"36":2,"37":3,"38":3,"39":3,"40":3,"41":0,"42":3,"43":3,"44":3,"45":1,"46":3,"47":1,"48":1,"49":1,"50":1,"51":1,"52":1,"53":1,"54":1,"55":1,"56":1,"57":0,"58":1,"59":6,"60":6,"61":1,"62":2,"63":0,"64":2,"65":1,"66":1,"67":0,"68":0,"69":0,"70":0,"71":0,"72":0,"73":0,"74":0,"75":0,"76":0,"77":0,"78":0,"79":0,"80":0,"81":0,"82":0,"83":0},"b":{"1":[2,1,1,1],"2":[1,1,1,1],"3":[1,1],"4":[2,2],"5":[1,1],"6":[1,1],"7":[2,0],"8":[2,1,1,1,1,1],"9":[0,2,0],"10":[1,1],"11":[2,1,1],"12":[1,0],"13":[0,2],"14":[2,0,0,0,0,0,0],"15":[0,3],"16":[3,0],"17":[1,1],"18":[0,1],"19":[1,2,0,2],"20":[1,0],"21":[1,1],"22":[0,0],"23":[0,0],"24":[0,0],"25":[0,0],"26":[0,0],"27":[0,0],"28":[0,0]},"f":{"1":2,"2":2,"3":2,"4":2,"5":2,"6":2,"7":3,"8":3,"9":3,"10":1,"11":6,"12":0},"fnMap":{"1":{"name":"(anonymous_1)","line":26,"loc":{"start":{"line":26,"column":1},"end":{"line":26,"column":13}}},"2":{"name":"(anonymous_2)","line":33,"loc":{"start":{"line":33,"column":5},"end":{"line":33,"column":17}}},"3":{"name":"(anonymous_3)","line":37,"loc":{"start":{"line":37,"column":24},"end":{"line":37,"column":36}}},"4":{"name":"(anonymous_4)","line":69,"loc":{"start":{"line":69,"column":31},"end":{"line":69,"column":48}},"skip":true},"5":{"name":"(anonymous_5)","line":78,"loc":{"start":{"line":78,"column":26},"end":{"line":78,"column":45}},"skip":true},"6":{"name":"(anonymous_6)","line":123,"loc":{"start":{"line":123,"column":33},"end":{"line":123,"column":48}},"skip":true},"7":{"name":"(anonymous_7)","line":125,"loc":{"start":{"line":125,"column":27},"end":{"line":125,"column":39}},"skip":true},"8":{"name":"(anonymous_8)","line":133,"loc":{"start":{"line":133,"column":59},"end":{"line":133,"column":74}},"skip":true},"9":{"name":"(anonymous_9)","line":143,"loc":{"start":{"line":143,"column":45},"end":{"line":143,"column":62}},"skip":true},"10":{"name":"(anonymous_10)","line":144,"loc":{"start":{"line":144,"column":73},"end":{"line":144,"column":92}},"skip":true},"11":{"name":"(anonymous_11)","line":272,"loc":{"start":{"line":272,"column":51},"end":{"line":272,"column":77}},"skip":true},"12":{"name":"(anonymous_12)","line":315,"loc":{"start":{"line":315,"column":32},"end":{"line":315,"column":61}},"skip":true}},"statementMap":{"1":{"start":{"line":26,"column":0},"end":{"line":326,"column":5}},"2":{"start":{"line":28,"column":4},"end":{"line":28,"column":14}},"3":{"start":{"line":33,"column":4},"end":{"line":60,"column":9}},"4":{"start":{"line":35,"column":8},"end":{"line":35,"column":19}},"5":{"start":{"line":37,"column":8},"end":{"line":49,"column":13}},"6":{"start":{"line":38,"column":12},"end":{"line":48,"column":13}},"7":{"start":{"line":39,"column":16},"end":{"line":42,"column":30}},"8":{"start":{"line":44,"column":16},"end":{"line":47,"column":27}},"9":{"start":{"line":51,"column":8},"end":{"line":53,"column":21}},"10":{"start":{"line":55,"column":8},"end":{"line":57,"column":45}},"11":{"start":{"line":59,"column":8},"end":{"line":59,"column":35}},"12":{"start":{"line":61,"column":4},"end":{"line":325,"column":5}},"13":{"start":{"line":69,"column":8},"end":{"line":121,"column":10},"skip":true},"14":{"start":{"line":70,"column":12},"end":{"line":88,"column":13},"skip":true},"15":{"start":{"line":76,"column":16},"end":{"line":87,"column":19},"skip":true},"16":{"start":{"line":79,"column":20},"end":{"line":86,"column":21},"skip":true},"17":{"start":{"line":82,"column":24},"end":{"line":82,"column":43},"skip":true},"18":{"start":{"line":83,"column":24},"end":{"line":83,"column":30},"skip":true},"19":{"start":{"line":85,"column":24},"end":{"line":85,"column":49},"skip":true},"20":{"start":{"line":89,"column":12},"end":{"line":107,"column":13},"skip":true},"21":{"start":{"line":92,"column":16},"end":{"line":102,"column":17},"skip":true},"22":{"start":{"line":93,"column":20},"end":{"line":93,"column":86},"skip":true},"23":{"start":{"line":94,"column":20},"end":{"line":95,"column":45},"skip":true},"24":{"start":{"line":96,"column":20},"end":{"line":96,"column":42},"skip":true},"25":{"start":{"line":97,"column":20},"end":{"line":97,"column":48},"skip":true},"26":{"start":{"line":100,"column":20},"end":{"line":100,"column":85},"skip":true},"27":{"start":{"line":101,"column":20},"end":{"line":101,"column":96},"skip":true},"28":{"start":{"line":103,"column":16},"end":{"line":103,"column":22},"skip":true},"29":{"start":{"line":106,"column":16},"end":{"line":106,"column":22},"skip":true},"30":{"start":{"line":108,"column":12},"end":{"line":120,"column":13},"skip":true},"31":{"start":{"line":114,"column":16},"end":{"line":119,"column":17},"skip":true},"32":{"start":{"line":116,"column":20},"end":{"line":116,"column":78},"skip":true},"33":{"start":{"line":118,"column":20},"end":{"line":118,"column":47},"skip":true},"34":{"start":{"line":123,"column":8},"end":{"line":141,"column":11},"skip":true},"35":{"start":{"line":124,"column":12},"end":{"line":124,"column":54},"skip":true},"36":{"start":{"line":125,"column":12},"end":{"line":140,"column":14},"skip":true},"37":{"start":{"line":126,"column":16},"end":{"line":126,"column":28},"skip":true},"38":{"start":{"line":127,"column":16},"end":{"line":127,"column":69},"skip":true},"39":{"start":{"line":128,"column":16},"end":{"line":128,"column":75},"skip":true},"40":{"start":{"line":129,"column":16},"end":{"line":131,"column":17},"skip":true},"41":{"start":{"line":130,"column":20},"end":{"line":130,"column":27},"skip":true},"42":{"start":{"line":133,"column":16},"end":{"line":137,"column":36},"skip":true},"43":{"start":{"line":134,"column":20},"end":{"line":136,"column":55},"skip":true},"44":{"start":{"line":139,"column":16},"end":{"line":139,"column":57},"skip":true},"45":{"start":{"line":143,"column":8},"end":{"line":147,"column":11},"skip":true},"46":{"start":{"line":144,"column":12},"end":{"line":146,"column":15},"skip":true},"47":{"start":{"line":145,"column":16},"end":{"line":145,"column":70},"skip":true},"48":{"start":{"line":149,"column":8},"end":{"line":149,"column":31},"skip":true},"49":{"start":{"line":150,"column":8},"end":{"line":150,"column":14},"skip":true},"50":{"start":{"line":158,"column":8},"end":{"line":158,"column":31},"skip":true},"51":{"start":{"line":160,"column":8},"end":{"line":160,"column":33},"skip":true},"52":{"start":{"line":161,"column":8},"end":{"line":161,"column":37},"skip":true},"53":{"start":{"line":162,"column":8},"end":{"line":162,"column":35},"skip":true},"54":{"start":{"line":164,"column":8},"end":{"line":164,"column":50},"skip":true},"55":{"start":{"line":166,"column":8},"end":{"line":256,"column":2},"skip":true},"56":{"start":{"line":258,"column":8},"end":{"line":286,"column":9},"skip":true},"57":{"start":{"line":259,"column":12},"end":{"line":269,"column":14},"skip":true},"58":{"start":{"line":271,"column":12},"end":{"line":285,"column":19},"skip":true},"59":{"start":{"line":274,"column":20},"end":{"line":274,"column":35},"skip":true},"60":{"start":{"line":275,"column":20},"end":{"line":284,"column":21},"skip":true},"61":{"start":{"line":277,"column":24},"end":{"line":277,"column":64},"skip":true},"62":{"start":{"line":279,"column":24},"end":{"line":279,"column":40},"skip":true},"63":{"start":{"line":281,"column":24},"end":{"line":281,"column":40},"skip":true},"64":{"start":{"line":283,"column":24},"end":{"line":283,"column":39},"skip":true},"65":{"start":{"line":288,"column":8},"end":{"line":290,"column":9},"skip":true},"66":{"start":{"line":289,"column":12},"end":{"line":289,"column":18},"skip":true},"67":{"start":{"line":291,"column":8},"end":{"line":293,"column":54},"skip":true},"68":{"start":{"line":296,"column":8},"end":{"line":301,"column":37},"skip":true},"69":{"start":{"line":303,"column":8},"end":{"line":303,"column":82},"skip":true},"70":{"start":{"line":306,"column":8},"end":{"line":308,"column":9},"skip":true},"71":{"start":{"line":307,"column":12},"end":{"line":307,"column":82},"skip":true},"72":{"start":{"line":310,"column":8},"end":{"line":312,"column":9},"skip":true},"73":{"start":{"line":311,"column":12},"end":{"line":311,"column":18},"skip":true},"74":{"start":{"line":313,"column":8},"end":{"line":313,"column":54},"skip":true},"75":{"start":{"line":314,"column":8},"end":{"line":314,"column":69},"skip":true},"76":{"start":{"line":315,"column":8},"end":{"line":323,"column":36},"skip":true},"77":{"start":{"line":316,"column":12},"end":{"line":316,"column":61},"skip":true},"78":{"start":{"line":317,"column":12},"end":{"line":320,"column":13},"skip":true},"79":{"start":{"line":318,"column":16},"end":{"line":318,"column":75},"skip":true},"80":{"start":{"line":319,"column":16},"end":{"line":319,"column":23},"skip":true},"81":{"start":{"line":321,"column":12},"end":{"line":321,"column":38},"skip":true},"82":{"start":{"line":322,"column":12},"end":{"line":322,"column":27},"skip":true},"83":{"start":{"line":324,"column":8},"end":{"line":324,"column":14},"skip":true}},"branchMap":{"1":{"line":39,"type":"binary-expr","locations":[{"start":{"line":39,"column":23},"end":{"line":39,"column":62}},{"start":{"line":40,"column":20},"end":{"line":40,"column":70}},{"start":{"line":41,"column":20},"end":{"line":41,"column":71}},{"start":{"line":42,"column":20},"end":{"line":42,"column":29}}]},"2":{"line":44,"type":"binary-expr","locations":[{"start":{"line":44,"column":23},"end":{"line":44,"column":37}},{"start":{"line":45,"column":20},"end":{"line":45,"column":61}},{"start":{"line":46,"column":20},"end":{"line":46,"column":70}},{"start":{"line":47,"column":20},"end":{"line":47,"column":26}}]},"3":{"line":51,"type":"cond-expr","locations":[{"start":{"line":52,"column":14},"end":{"line":52,"column":20}},{"start":{"line":53,"column":14},"end":{"line":53,"column":20}}]},"4":{"line":55,"type":"binary-expr","locations":[{"start":{"line":55,"column":16},"end":{"line":55,"column":44}},{"start":{"line":55,"column":49},"end":{"line":57,"column":43}}]},"5":{"line":55,"type":"cond-expr","locations":[{"start":{"line":56,"column":14},"end":{"line":56,"column":54}},{"start":{"line":57,"column":14},"end":{"line":57,"column":43}}]},"6":{"line":61,"type":"switch","locations":[{"start":{"line":68,"column":4},"end":{"line":150,"column":14},"skip":true},{"start":{"line":156,"column":4},"end":{"line":324,"column":14},"skip":true}]},"7":{"line":70,"type":"if","locations":[{"start":{"line":70,"column":12},"end":{"line":70,"column":12},"skip":true},{"start":{"line":70,"column":12},"end":{"line":70,"column":12},"skip":true}]},"8":{"line":70,"type":"binary-expr","locations":[{"start":{"line":70,"column":16},"end":{"line":70,"column":22},"skip":true},{"start":{"line":70,"column":27},"end":{"line":70,"column":32},"skip":true},{"start":{"line":71,"column":20},"end":{"line":71,"column":39},"skip":true},{"start":{"line":72,"column":20},"end":{"line":72,"column":49},"skip":true},{"start":{"line":73,"column":20},"end":{"line":73,"column":58},"skip":true},{"start":{"line":74,"column":20},"end":{"line":74,"column":69},"skip":true}]},"9":{"line":79,"type":"switch","locations":[{"start":{"line":80,"column":20},"end":{"line":80,"column":33},"skip":true},{"start":{"line":81,"column":20},"end":{"line":83,"column":30},"skip":true},{"start":{"line":84,"column":20},"end":{"line":85,"column":49},"skip":true}]},"10":{"line":89,"type":"switch","locations":[{"start":{"line":90,"column":12},"end":{"line":103,"column":22},"skip":true},{"start":{"line":105,"column":12},"end":{"line":106,"column":22},"skip":true}]},"11":{"line":89,"type":"binary-expr","locations":[{"start":{"line":89,"column":20},"end":{"line":89,"column":25},"skip":true},{"start":{"line":89,"column":29},"end":{"line":89,"column":48},"skip":true},{"start":{"line":89,"column":52},"end":{"line":89,"column":74},"skip":true}]},"12":{"line":92,"type":"if","locations":[{"start":{"line":92,"column":16},"end":{"line":92,"column":16},"skip":true},{"start":{"line":92,"column":16},"end":{"line":92,"column":16},"skip":true}]},"13":{"line":108,"type":"if","locations":[{"start":{"line":108,"column":12},"end":{"line":108,"column":12},"skip":true},{"start":{"line":108,"column":12},"end":{"line":108,"column":12},"skip":true}]},"14":{"line":108,"type":"binary-expr","locations":[{"start":{"line":108,"column":16},"end":{"line":108,"column":61},"skip":true},{"start":{"line":108,"column":66},"end":{"line":108,"column":72},"skip":true},{"start":{"line":108,"column":77},"end":{"line":108,"column":82},"skip":true},{"start":{"line":109,"column":20},"end":{"line":109,"column":39},"skip":true},{"start":{"line":110,"column":20},"end":{"line":110,"column":49},"skip":true},{"start":{"line":111,"column":20},"end":{"line":111,"column":58},"skip":true},{"start":{"line":112,"column":20},"end":{"line":112,"column":68},"skip":true}]},"15":{"line":129,"type":"if","locations":[{"start":{"line":129,"column":16},"end":{"line":129,"column":16},"skip":true},{"start":{"line":129,"column":16},"end":{"line":129,"column":16},"skip":true}]},"16":{"line":134,"type":"cond-expr","locations":[{"start":{"line":135,"column":26},"end":{"line":135,"column":29},"skip":true},{"start":{"line":136,"column":26},"end":{"line":136,"column":54},"skip":true}]},"17":{"line":164,"type":"binary-expr","locations":[{"start":{"line":164,"column":27},"end":{"line":164,"column":43},"skip":true},{"start":{"line":164,"column":47},"end":{"line":164,"column":49},"skip":true}]},"18":{"line":258,"type":"if","locations":[{"start":{"line":258,"column":8},"end":{"line":258,"column":8},"skip":true},{"start":{"line":258,"column":8},"end":{"line":258,"column":8},"skip":true}]},"19":{"line":275,"type":"switch","locations":[{"start":{"line":276,"column":20},"end":{"line":277,"column":64},"skip":true},{"start":{"line":278,"column":20},"end":{"line":279,"column":40},"skip":true},{"start":{"line":280,"column":20},"end":{"line":281,"column":40},"skip":true},{"start":{"line":282,"column":20},"end":{"line":283,"column":39},"skip":true}]},"20":{"line":288,"type":"if","locations":[{"start":{"line":288,"column":8},"end":{"line":288,"column":8},"skip":true},{"start":{"line":288,"column":8},"end":{"line":288,"column":8},"skip":true}]},"21":{"line":288,"type":"binary-expr","locations":[{"start":{"line":288,"column":12},"end":{"line":288,"column":40},"skip":true},{"start":{"line":288,"column":44},"end":{"line":288,"column":67},"skip":true}]},"22":{"line":292,"type":"binary-expr","locations":[{"start":{"line":292,"column":12},"end":{"line":292,"column":50},"skip":true},{"start":{"line":293,"column":12},"end":{"line":293,"column":53},"skip":true}]},"23":{"line":297,"type":"binary-expr","locations":[{"start":{"line":297,"column":12},"end":{"line":297,"column":68},"skip":true},{"start":{"line":298,"column":12},"end":{"line":301,"column":36},"skip":true}]},"24":{"line":303,"type":"binary-expr","locations":[{"start":{"line":303,"column":43},"end":{"line":303,"column":75},"skip":true},{"start":{"line":303,"column":79},"end":{"line":303,"column":81},"skip":true}]},"25":{"line":306,"type":"if","locations":[{"start":{"line":306,"column":8},"end":{"line":306,"column":8},"skip":true},{"start":{"line":306,"column":8},"end":{"line":306,"column":8},"skip":true}]},"26":{"line":310,"type":"if","locations":[{"start":{"line":310,"column":8},"end":{"line":310,"column":8},"skip":true},{"start":{"line":310,"column":8},"end":{"line":310,"column":8},"skip":true}]},"27":{"line":313,"type":"binary-expr","locations":[{"start":{"line":313,"column":27},"end":{"line":313,"column":43},"skip":true},{"start":{"line":313,"column":47},"end":{"line":313,"column":53},"skip":true}]},"28":{"line":317,"type":"if","locations":[{"start":{"line":317,"column":12},"end":{"line":317,"column":12},"skip":true},{"start":{"line":317,"column":12},"end":{"line":317,"column":12},"skip":true}]}},"code":["/*","example.js","","quickstart example","","instruction","    1. save this script as example.js","    2. run the shell command:","        $ npm install npmtest-xmlbuilder && PORT=8081 node example.js","    3. play with the browser-demo on http://127.0.0.1:8081","*/","","","","/* istanbul instrument in package npmtest_xmlbuilder */","/*jslint","    bitwise: true,","    browser: true,","    maxerr: 8,","    maxlen: 96,","    node: true,","    nomen: true,","    regexp: true,","    stupid: true","*/","(function () {","    'use strict';","    var local;","","","","    // run shared js-env code - pre-init","    (function () {","        // init local","        local = {};","        // init modeJs","        local.modeJs = (function () {","            try {","                return typeof navigator.userAgent === 'string' &&","                    typeof document.querySelector('body') === 'object' &&","                    typeof XMLHttpRequest.prototype.open === 'function' &&","                    'browser';","            } catch (errorCaughtBrowser) {","                return module.exports &&","                    typeof process.versions.node === 'string' &&","                    typeof require('http').createServer === 'function' &&","                    'node';","            }","        }());","        // init global","        local.global = local.modeJs === 'browser'","            ? window","            : global;","        // init utility2_rollup","        local = local.global.utility2_rollup || (local.modeJs === 'browser'","            ? local.global.utility2_npmtest_xmlbuilder","            : global.utility2_moduleExports);","        // export local","        local.global.local = local;","    }());","    switch (local.modeJs) {","","","","    // post-init","    // run browser js-env code - post-init","    /* istanbul ignore next */","    case 'browser':","        local.testRunBrowser = function (event) {","            if (!event || (event &&","                    event.currentTarget &&","                    event.currentTarget.className &&","                    event.currentTarget.className.includes &&","                    event.currentTarget.className.includes('onreset'))) {","                // reset output","                Array.from(","                    document.querySelectorAll('body > .resettable')","                ).forEach(function (element) {","                    switch (element.tagName) {","                    case 'INPUT':","                    case 'TEXTAREA':","                        element.value = '';","                        break;","                    default:","                        element.textContent = '';","                    }","                });","            }","            switch (event && event.currentTarget && event.currentTarget.id) {","            case 'testRunButton1':","                // show tests","                if (document.querySelector('#testReportDiv1').style.display === 'none') {","                    document.querySelector('#testReportDiv1').style.display = 'block';","                    document.querySelector('#testRunButton1').textContent =","                        'hide internal test';","                    local.modeTest = true;","                    local.testRunDefault(local);","                // hide tests","                } else {","                    document.querySelector('#testReportDiv1').style.display = 'none';","                    document.querySelector('#testRunButton1').textContent = 'run internal test';","                }","                break;","            // custom-case","            default:","                break;","            }","            if (document.querySelector('#inputTextareaEval1') && (!event || (event &&","                    event.currentTarget &&","                    event.currentTarget.className &&","                    event.currentTarget.className.includes &&","                    event.currentTarget.className.includes('oneval')))) {","                // try to eval input-code","                try {","                    /*jslint evil: true*/","                    eval(document.querySelector('#inputTextareaEval1').value);","                } catch (errorCaught) {","                    console.error(errorCaught);","                }","            }","        };","        // log stderr and stdout to #outputTextareaStdout1","        ['error', 'log'].forEach(function (key) {","            console[key + '_original'] = console[key];","            console[key] = function () {","                var element;","                console[key + '_original'].apply(console, arguments);","                element = document.querySelector('#outputTextareaStdout1');","                if (!element) {","                    return;","                }","                // append text to #outputTextareaStdout1","                element.value += Array.from(arguments).map(function (arg) {","                    return typeof arg === 'string'","                        ? arg","                        : JSON.stringify(arg, null, 4);","                }).join(' ') + '\\n';","                // scroll textarea to bottom","                element.scrollTop = element.scrollHeight;","            };","        });","        // init event-handling","        ['change', 'click', 'keyup'].forEach(function (event) {","            Array.from(document.querySelectorAll('.on' + event)).forEach(function (element) {","                element.addEventListener(event, local.testRunBrowser);","            });","        });","        // run tests","        local.testRunBrowser();","        break;","","","","    // run node js-env code - post-init","    /* istanbul ignore next */","    case 'node':","        // export local","        module.exports = local;","        // require modules","        local.fs = require('fs');","        local.http = require('http');","        local.url = require('url');","        // init assets","        local.assetsDict = local.assetsDict || {};","        /* jslint-ignore-begin */","        local.assetsDict['/assets.index.template.html'] = '\\","<!doctype html>\\n\\","<html lang=\"en\">\\n\\","<head>\\n\\","<meta charset=\"UTF-8\">\\n\\","<meta name=\"viewport\" content=\"width=device-width, initial-scale=1\">\\n\\","<title>{{env.npm_package_name}} (v{{env.npm_package_version}})</title>\\n\\","<style>\\n\\","/*csslint\\n\\","    box-sizing: false,\\n\\","    universal-selector: false\\n\\","*/\\n\\","* {\\n\\","    box-sizing: border-box;\\n\\","}\\n\\","body {\\n\\","    background: #dde;\\n\\","    font-family: Arial, Helvetica, sans-serif;\\n\\","    margin: 2rem;\\n\\","}\\n\\","body > * {\\n\\","    margin-bottom: 1rem;\\n\\","}\\n\\",".utility2FooterDiv {\\n\\","    margin-top: 20px;\\n\\","    text-align: center;\\n\\","}\\n\\","</style>\\n\\","<style>\\n\\","/*csslint\\n\\","*/\\n\\","textarea {\\n\\","    font-family: monospace;\\n\\","    height: 10rem;\\n\\","    width: 100%;\\n\\","}\\n\\","textarea[readonly] {\\n\\","    background: #ddd;\\n\\","}\\n\\","</style>\\n\\","</head>\\n\\","<body>\\n\\","<!-- utility2-comment\\n\\","<div id=\"ajaxProgressDiv1\" style=\"background: #d00; height: 2px; left: 0; margin: 0; padding: 0; position: fixed; top: 0; transition: background 0.5s, width 1.5s; width: 25%;\"></div>\\n\\","utility2-comment -->\\n\\","<h1>\\n\\","<!-- utility2-comment\\n\\","    <a\\n\\","        {{#if env.npm_package_homepage}}\\n\\","        href=\"{{env.npm_package_homepage}}\"\\n\\","        {{/if env.npm_package_homepage}}\\n\\","        target=\"_blank\"\\n\\","    >\\n\\","utility2-comment -->\\n\\","        {{env.npm_package_name}} (v{{env.npm_package_version}})\\n\\","<!-- utility2-comment\\n\\","    </a>\\n\\","utility2-comment -->\\n\\","</h1>\\n\\","<h3>{{env.npm_package_description}}</h3>\\n\\","<!-- utility2-comment\\n\\","<h4><a download href=\"assets.app.js\">download standalone app</a></h4>\\n\\","<button class=\"onclick onreset\" id=\"testRunButton1\">run internal test</button><br>\\n\\","<div id=\"testReportDiv1\" style=\"display: none;\"></div>\\n\\","utility2-comment -->\\n\\","\\n\\","\\n\\","\\n\\","<label>stderr and stdout</label>\\n\\","<textarea class=\"resettable\" id=\"outputTextareaStdout1\" readonly></textarea>\\n\\","<!-- utility2-comment\\n\\","{{#if isRollup}}\\n\\","<script src=\"assets.app.js\"></script>\\n\\","{{#unless isRollup}}\\n\\","utility2-comment -->\\n\\","<script src=\"assets.utility2.rollup.js\"></script>\\n\\","<script src=\"jsonp.utility2._stateInit?callback=window.utility2._stateInit\"></script>\\n\\","<script src=\"assets.npmtest_xmlbuilder.rollup.js\"></script>\\n\\","<script src=\"assets.example.js\"></script>\\n\\","<script src=\"assets.test.js\"></script>\\n\\","<!-- utility2-comment\\n\\","{{/if isRollup}}\\n\\","utility2-comment -->\\n\\","<div class=\"utility2FooterDiv\">\\n\\","    [ this app was created with\\n\\","    <a href=\"https://github.com/kaizhu256/node-utility2\" target=\"_blank\">utility2</a>\\n\\","    ]\\n\\","</div>\\n\\","</body>\\n\\","</html>\\n\\","';","        /* jslint-ignore-end */","        if (local.templateRender) {","            local.assetsDict['/'] = local.templateRender(","                local.assetsDict['/assets.index.template.html'],","                {","                    env: local.objectSetDefault(local.env, {","                        npm_package_description: 'the greatest app in the world!',","                        npm_package_name: 'my-app',","                        npm_package_nameAlias: 'my_app',","                        npm_package_version: '0.0.1'","                    })","                }","            );","        } else {","            local.assetsDict['/'] = local.assetsDict['/assets.index.template.html']","                .replace((/\\{\\{env\\.(\\w+?)\\}\\}/g), function (match0, match1) {","                    // jslint-hack","                    String(match0);","                    switch (match1) {","                    case 'npm_package_description':","                        return 'the greatest app in the world!';","                    case 'npm_package_name':","                        return 'my-app';","                    case 'npm_package_nameAlias':","                        return 'my_app';","                    case 'npm_package_version':","                        return '0.0.1';","                    }","                });","        }","        // run the cli","        if (local.global.utility2_rollup || module !== require.main) {","            break;","        }","        local.assetsDict['/assets.example.js'] =","            local.assetsDict['/assets.example.js'] ||","            local.fs.readFileSync(__filename, 'utf8');","        // bug-workaround - long $npm_package_buildCustomOrg","        /* jslint-ignore-begin */","        local.assetsDict['/assets.npmtest_xmlbuilder.rollup.js'] =","            local.assetsDict['/assets.npmtest_xmlbuilder.rollup.js'] ||","            local.fs.readFileSync(","                local.npmtest_xmlbuilder.__dirname + '/lib.npmtest_xmlbuilder.js',","                'utf8'","            ).replace((/^#!/), '//');","        /* jslint-ignore-end */","        local.assetsDict['/favicon.ico'] = local.assetsDict['/favicon.ico'] || '';","        // if $npm_config_timeout_exit exists,","        // then exit this process after $npm_config_timeout_exit ms","        if (Number(process.env.npm_config_timeout_exit)) {","            setTimeout(process.exit, Number(process.env.npm_config_timeout_exit));","        }","        // start server","        if (local.global.utility2_serverHttp1) {","            break;","        }","        process.env.PORT = process.env.PORT || '8081';","        console.error('server starting on port ' + process.env.PORT);","        local.http.createServer(function (request, response) {","            request.urlParsed = local.url.parse(request.url);","            if (local.assetsDict[request.urlParsed.pathname] !== undefined) {","                response.end(local.assetsDict[request.urlParsed.pathname]);","                return;","            }","            response.statusCode = 404;","            response.end();","        }).listen(process.env.PORT);","        break;","    }","}());",""],"l":{"26":2,"28":2,"33":2,"35":2,"37":2,"38":2,"39":2,"44":1,"51":2,"55":2,"59":2,"61":2,"69":1,"70":2,"76":2,"79":2,"82":2,"83":2,"85":1,"89":2,"92":1,"93":1,"94":1,"96":1,"97":1,"100":1,"101":1,"103":1,"106":1,"108":2,"114":1,"116":1,"118":1,"123":1,"124":2,"125":2,"126":3,"127":3,"128":3,"129":3,"130":1,"133":3,"134":3,"139":3,"143":1,"144":3,"145":1,"149":1,"150":1,"158":1,"160":1,"161":1,"162":1,"164":1,"166":1,"258":1,"259":1,"271":1,"274":6,"275":6,"277":1,"279":2,"281":1,"283":2,"288":1,"289":1,"291":1,"296":1,"303":1,"306":1,"307":1,"310":1,"311":1,"313":1,"314":1,"315":1,"316":1,"317":1,"318":1,"319":1,"321":1,"322":1,"324":1}},"/home/travis/build/npmtest/node-npmtest-xmlbuilder/node_modules/xmlbuilder/lib/index.js":{"path":"/home/travis/build/npmtest/node-npmtest-xmlbuilder/node_modules/xmlbuilder/lib/index.js","s":{"1":1,"2":1,"3":1,"4":1,"5":1,"6":1,"7":1,"8":1,"9":0,"10":0,"11":0,"12":0,"13":0,"14":0,"15":0,"16":0,"17":0,"18":0,"19":0,"20":1,"21":0,"22":0,"23":0,"24":0,"25":0,"26":0,"27":0,"28":1,"29":0,"30":1,"31":0},"b":{"1":[0,0],"2":[0,0],"3":[0,0],"4":[0,0],"5":[0,0],"6":[0,0]},"f":{"1":1,"2":0,"3":0,"4":0,"5":0},"fnMap":{"1":{"name":"(anonymous_1)","line":2,"loc":{"start":{"line":2,"column":1},"end":{"line":2,"column":12}}},"2":{"name":"(anonymous_2)","line":15,"loc":{"start":{"line":15,"column":26},"end":{"line":15,"column":67}}},"3":{"name":"(anonymous_3)","line":32,"loc":{"start":{"line":32,"column":25},"end":{"line":32,"column":58}}},"4":{"name":"(anonymous_4)","line":45,"loc":{"start":{"line":45,"column":32},"end":{"line":45,"column":50}}},"5":{"name":"(anonymous_5)","line":49,"loc":{"start":{"line":49,"column":32},"end":{"line":49,"column":58}}}},"statementMap":{"1":{"start":{"line":2,"column":0},"end":{"line":53,"column":14}},"2":{"start":{"line":3,"column":2},"end":{"line":3,"column":92}},"3":{"start":{"line":5,"column":2},"end":{"line":5,"column":79}},"4":{"start":{"line":7,"column":2},"end":{"line":7,"column":41}},"5":{"start":{"line":9,"column":2},"end":{"line":9,"column":45}},"6":{"start":{"line":11,"column":2},"end":{"line":11,"column":49}},"7":{"start":{"line":13,"column":2},"end":{"line":13,"column":49}},"8":{"start":{"line":15,"column":2},"end":{"line":30,"column":4}},"9":{"start":{"line":16,"column":4},"end":{"line":16,"column":18}},"10":{"start":{"line":17,"column":4},"end":{"line":19,"column":5}},"11":{"start":{"line":18,"column":6},"end":{"line":18,"column":51}},"12":{"start":{"line":20,"column":4},"end":{"line":20,"column":51}},"13":{"start":{"line":21,"column":4},"end":{"line":21,"column":35}},"14":{"start":{"line":22,"column":4},"end":{"line":22,"column":29}},"15":{"start":{"line":23,"column":4},"end":{"line":28,"column":5}},"16":{"start":{"line":24,"column":6},"end":{"line":24,"column":31}},"17":{"start":{"line":25,"column":6},"end":{"line":27,"column":7}},"18":{"start":{"line":26,"column":8},"end":{"line":26,"column":29}},"19":{"start":{"line":29,"column":4},"end":{"line":29,"column":16}},"20":{"start":{"line":32,"column":2},"end":{"line":43,"column":4}},"21":{"start":{"line":33,"column":4},"end":{"line":33,"column":13}},"22":{"start":{"line":34,"column":4},"end":{"line":37,"column":5}},"23":{"start":{"line":35,"column":6},"end":{"line":35,"column":66}},"24":{"start":{"line":36,"column":6},"end":{"line":36,"column":19}},"25":{"start":{"line":38,"column":4},"end":{"line":42,"column":5}},"26":{"start":{"line":39,"column":6},"end":{"line":39,"column":55}},"27":{"start":{"line":41,"column":6},"end":{"line":41,"column":38}},"28":{"start":{"line":45,"column":2},"end":{"line":47,"column":4}},"29":{"start":{"line":46,"column":4},"end":{"line":46,"column":40}},"30":{"start":{"line":49,"column":2},"end":{"line":51,"column":4}},"31":{"start":{"line":50,"column":4},"end":{"line":50,"column":48}}},"branchMap":{"1":{"line":17,"type":"if","locations":[{"start":{"line":17,"column":4},"end":{"line":17,"column":4}},{"start":{"line":17,"column":4},"end":{"line":17,"column":4}}]},"2":{"line":23,"type":"if","locations":[{"start":{"line":23,"column":4},"end":{"line":23,"column":4}},{"start":{"line":23,"column":4},"end":{"line":23,"column":4}}]},"3":{"line":25,"type":"if","locations":[{"start":{"line":25,"column":6},"end":{"line":25,"column":6}},{"start":{"line":25,"column":6},"end":{"line":25,"column":6}}]},"4":{"line":25,"type":"binary-expr","locations":[{"start":{"line":25,"column":11},"end":{"line":25,"column":32}},{"start":{"line":25,"column":38},"end":{"line":25,"column":59}}]},"5":{"line":34,"type":"if","locations":[{"start":{"line":34,"column":4},"end":{"line":34,"column":4}},{"start":{"line":34,"column":4},"end":{"line":34,"column":4}}]},"6":{"line":38,"type":"if","locations":[{"start":{"line":38,"column":4},"end":{"line":38,"column":4}},{"start":{"line":38,"column":4},"end":{"line":38,"column":4}}]}},"code":["// Generated by CoffeeScript 1.10.0","(function() {","  var XMLDocument, XMLDocumentCB, XMLStreamWriter, XMLStringWriter, assign, isFunction, ref;","","  ref = require('./Utility'), assign = ref.assign, isFunction = ref.isFunction;","","  XMLDocument = require('./XMLDocument');","","  XMLDocumentCB = require('./XMLDocumentCB');","","  XMLStringWriter = require('./XMLStringWriter');","","  XMLStreamWriter = require('./XMLStreamWriter');","","  module.exports.create = function(name, xmldec, doctype, options) {","    var doc, root;","    if (name == null) {","      throw new Error(\"Root element needs a name\");","    }","    options = assign({}, xmldec, doctype, options);","    doc = new XMLDocument(options);","    root = doc.element(name);","    if (!options.headless) {","      doc.declaration(options);","      if ((options.pubID != null) || (options.sysID != null)) {","        doc.doctype(options);","      }","    }","    return root;","  };","","  module.exports.begin = function(options, onData, onEnd) {","    var ref1;","    if (isFunction(options)) {","      ref1 = [options, onData], onData = ref1[0], onEnd = ref1[1];","      options = {};","    }","    if (onData) {","      return new XMLDocumentCB(options, onData, onEnd);","    } else {","      return new XMLDocument(options);","    }","  };","","  module.exports.stringWriter = function(options) {","    return new XMLStringWriter(options);","  };","","  module.exports.streamWriter = function(stream, options) {","    return new XMLStreamWriter(stream, options);","  };","","}).call(this);",""],"l":{"2":1,"3":1,"5":1,"7":1,"9":1,"11":1,"13":1,"15":1,"16":0,"17":0,"18":0,"20":0,"21":0,"22":0,"23":0,"24":0,"25":0,"26":0,"29":0,"32":1,"33":0,"34":0,"35":0,"36":0,"38":0,"39":0,"41":0,"45":1,"46":0,"49":1,"50":0}},"/home/travis/build/npmtest/node-npmtest-xmlbuilder/node_modules/xmlbuilder/lib/Utility.js":{"path":"/home/travis/build/npmtest/node-npmtest-xmlbuilder/node_modules/xmlbuilder/lib/Utility.js","s":{"1":1,"2":1,"3":1,"4":0,"5":0,"6":0,"7":0,"8":0,"9":0,"10":0,"11":0,"12":0,"13":0,"14":0,"15":0,"16":1,"17":0,"18":1,"19":0,"20":0,"21":1,"22":0,"23":0,"24":0,"25":1,"26":0,"27":0,"28":0,"29":0,"30":0,"31":0,"32":0,"33":0,"34":1,"35":0,"36":0,"37":1,"38":0,"39":0,"40":1,"41":0,"42":0,"43":0,"44":0,"45":0,"46":0,"47":0,"48":1,"49":0,"50":0,"51":0,"52":0,"53":0,"54":0,"55":0,"56":1,"57":0,"58":0,"59":0,"60":0,"61":0,"62":0,"63":0,"64":1,"65":0,"66":0,"67":0,"68":0,"69":0,"70":0,"71":0,"72":1,"73":0,"74":1,"75":1,"76":1,"77":1,"78":1,"79":1,"80":1,"81":1,"82":1,"83":1,"84":1,"85":1},"b":{"1":[0,0],"2":[0,0],"3":[0,0],"4":[0,0],"5":[0,0],"6":[0,0,0],"7":[0,0],"8":[0,0],"9":[0,0],"10":[0,0,0,0,0,0],"11":[0,0],"12":[0,0],"13":[0,0],"14":[0,0]},"f":{"1":1,"2":0,"3":0,"4":0,"5":0,"6":0,"7":0,"8":0,"9":0,"10":0,"11":0,"12":0,"13":0,"14":0},"fnMap":{"1":{"name":"(anonymous_1)","line":2,"loc":{"start":{"line":2,"column":1},"end":{"line":2,"column":12}}},"2":{"name":"(anonymous_2)","line":7,"loc":{"start":{"line":7,"column":11},"end":{"line":7,"column":22}}},"3":{"name":"(anonymous_3)","line":26,"loc":{"start":{"line":26,"column":15},"end":{"line":26,"column":29}}},"4":{"name":"(anonymous_4)","line":30,"loc":{"start":{"line":30,"column":13},"end":{"line":30,"column":27}}},"5":{"name":"(anonymous_5)","line":35,"loc":{"start":{"line":35,"column":12},"end":{"line":35,"column":26}}},"6":{"name":"(anonymous_6)","line":43,"loc":{"start":{"line":43,"column":12},"end":{"line":43,"column":26}}},"7":{"name":"(anonymous_7)","line":56,"loc":{"start":{"line":56,"column":18},"end":{"line":56,"column":32}}},"8":{"name":"(anonymous_8)","line":61,"loc":{"start":{"line":61,"column":10},"end":{"line":61,"column":24}}},"9":{"name":"(anonymous_9)","line":62,"loc":{"start":{"line":62,"column":62},"end":{"line":62,"column":74}}},"10":{"name":"(anonymous_10)","line":67,"loc":{"start":{"line":67,"column":14},"end":{"line":67,"column":28}}},"11":{"name":"(anonymous_11)","line":78,"loc":{"start":{"line":78,"column":14},"end":{"line":78,"column":28}}},"12":{"name":"(anonymous_12)","line":89,"loc":{"start":{"line":89,"column":14},"end":{"line":89,"column":28}}},"13":{"name":"(anonymous_13)","line":100,"loc":{"start":{"line":100,"column":14},"end":{"line":100,"column":28}}},"14":{"name":"(anonymous_14)","line":111,"loc":{"start":{"line":111,"column":15},"end":{"line":111,"column":29}}}},"statementMap":{"1":{"start":{"line":2,"column":0},"end":{"line":139,"column":14}},"2":{"start":{"line":3,"column":2},"end":{"line":5,"column":32}},"3":{"start":{"line":7,"column":2},"end":{"line":24,"column":4}},"4":{"start":{"line":8,"column":4},"end":{"line":8,"column":45}},"5":{"start":{"line":9,"column":4},"end":{"line":9,"column":91}},"6":{"start":{"line":10,"column":4},"end":{"line":22,"column":5}},"7":{"start":{"line":11,"column":6},"end":{"line":11,"column":43}},"8":{"start":{"line":13,"column":6},"end":{"line":21,"column":7}},"9":{"start":{"line":14,"column":8},"end":{"line":14,"column":28}},"10":{"start":{"line":15,"column":8},"end":{"line":20,"column":9}},"11":{"start":{"line":16,"column":10},"end":{"line":19,"column":11}},"12":{"start":{"line":17,"column":12},"end":{"line":17,"column":53}},"13":{"start":{"line":17,"column":44},"end":{"line":17,"column":53}},"14":{"start":{"line":18,"column":12},"end":{"line":18,"column":38}},"15":{"start":{"line":23,"column":4},"end":{"line":23,"column":18}},"16":{"start":{"line":26,"column":2},"end":{"line":28,"column":4}},"17":{"start":{"line":27,"column":4},"end":{"line":27,"column":80}},"18":{"start":{"line":30,"column":2},"end":{"line":33,"column":4}},"19":{"start":{"line":31,"column":4},"end":{"line":31,"column":12}},"20":{"start":{"line":32,"column":4},"end":{"line":32,"column":76}},"21":{"start":{"line":35,"column":2},"end":{"line":41,"column":4}},"22":{"start":{"line":36,"column":4},"end":{"line":40,"column":5}},"23":{"start":{"line":37,"column":6},"end":{"line":37,"column":32}},"24":{"start":{"line":39,"column":6},"end":{"line":39,"column":70}},"25":{"start":{"line":43,"column":2},"end":{"line":54,"column":4}},"26":{"start":{"line":44,"column":4},"end":{"line":44,"column":12}},"27":{"start":{"line":45,"column":4},"end":{"line":53,"column":5}},"28":{"start":{"line":46,"column":6},"end":{"line":46,"column":25}},"29":{"start":{"line":48,"column":6},"end":{"line":51,"column":7}},"30":{"start":{"line":49,"column":8},"end":{"line":49,"column":46}},"31":{"start":{"line":49,"column":37},"end":{"line":49,"column":46}},"32":{"start":{"line":50,"column":8},"end":{"line":50,"column":21}},"33":{"start":{"line":52,"column":6},"end":{"line":52,"column":18}},"34":{"start":{"line":56,"column":2},"end":{"line":59,"column":4}},"35":{"start":{"line":57,"column":4},"end":{"line":57,"column":20}},"36":{"start":{"line":58,"column":4},"end":{"line":58,"column":242}},"37":{"start":{"line":61,"column":2},"end":{"line":65,"column":4}},"38":{"start":{"line":62,"column":4},"end":{"line":64,"column":7}},"39":{"start":{"line":63,"column":6},"end":{"line":63,"column":17}},"40":{"start":{"line":67,"column":2},"end":{"line":76,"column":4}},"41":{"start":{"line":68,"column":4},"end":{"line":68,"column":36}},"42":{"start":{"line":69,"column":4},"end":{"line":69,"column":11}},"43":{"start":{"line":70,"column":4},"end":{"line":70,"column":21}},"44":{"start":{"line":71,"column":4},"end":{"line":74,"column":5}},"45":{"start":{"line":72,"column":6},"end":{"line":72,"column":24}},"46":{"start":{"line":73,"column":6},"end":{"line":73,"column":71}},"47":{"start":{"line":75,"column":4},"end":{"line":75,"column":13}},"48":{"start":{"line":78,"column":2},"end":{"line":87,"column":4}},"49":{"start":{"line":79,"column":4},"end":{"line":79,"column":36}},"50":{"start":{"line":80,"column":4},"end":{"line":80,"column":11}},"51":{"start":{"line":81,"column":4},"end":{"line":81,"column":21}},"52":{"start":{"line":82,"column":4},"end":{"line":85,"column":5}},"53":{"start":{"line":83,"column":6},"end":{"line":83,"column":24}},"54":{"start":{"line":84,"column":6},"end":{"line":84,"column":42}},"55":{"start":{"line":86,"column":4},"end":{"line":86,"column":13}},"56":{"start":{"line":89,"column":2},"end":{"line":98,"column":4}},"57":{"start":{"line":90,"column":4},"end":{"line":90,"column":36}},"58":{"start":{"line":91,"column":4},"end":{"line":91,"column":11}},"59":{"start":{"line":92,"column":4},"end":{"line":92,"column":21}},"60":{"start":{"line":93,"column":4},"end":{"line":96,"column":5}},"61":{"start":{"line":94,"column":6},"end":{"line":94,"column":24}},"62":{"start":{"line":95,"column":6},"end":{"line":95,"column":51}},"63":{"start":{"line":97,"column":4},"end":{"line":97,"column":13}},"64":{"start":{"line":100,"column":2},"end":{"line":109,"column":4}},"65":{"start":{"line":101,"column":4},"end":{"line":101,"column":36}},"66":{"start":{"line":102,"column":4},"end":{"line":102,"column":11}},"67":{"start":{"line":103,"column":4},"end":{"line":103,"column":21}},"68":{"start":{"line":104,"column":4},"end":{"line":107,"column":5}},"69":{"start":{"line":105,"column":6},"end":{"line":105,"column":24}},"70":{"start":{"line":106,"column":6},"end":{"line":106,"column":51}},"71":{"start":{"line":108,"column":4},"end":{"line":108,"column":13}},"72":{"start":{"line":111,"column":2},"end":{"line":113,"column":4}},"73":{"start":{"line":112,"column":4},"end":{"line":112,"column":54}},"74":{"start":{"line":115,"column":2},"end":{"line":115,"column":33}},"75":{"start":{"line":117,"column":2},"end":{"line":117,"column":41}},"76":{"start":{"line":119,"column":2},"end":{"line":119,"column":37}},"77":{"start":{"line":121,"column":2},"end":{"line":121,"column":35}},"78":{"start":{"line":123,"column":2},"end":{"line":123,"column":35}},"79":{"start":{"line":125,"column":2},"end":{"line":125,"column":47}},"80":{"start":{"line":127,"column":2},"end":{"line":127,"column":39}},"81":{"start":{"line":129,"column":2},"end":{"line":129,"column":39}},"82":{"start":{"line":131,"column":2},"end":{"line":131,"column":39}},"83":{"start":{"line":133,"column":2},"end":{"line":133,"column":39}},"84":{"start":{"line":135,"column":2},"end":{"line":135,"column":41}},"85":{"start":{"line":137,"column":2},"end":{"line":137,"column":31}}},"branchMap":{"1":{"line":9,"type":"cond-expr","locations":[{"start":{"line":9,"column":61},"end":{"line":9,"column":85}},{"start":{"line":9,"column":88},"end":{"line":9,"column":90}}]},"2":{"line":10,"type":"if","locations":[{"start":{"line":10,"column":4},"end":{"line":10,"column":4}},{"start":{"line":10,"column":4},"end":{"line":10,"column":4}}]},"3":{"line":15,"type":"if","locations":[{"start":{"line":15,"column":8},"end":{"line":15,"column":8}},{"start":{"line":15,"column":8},"end":{"line":15,"column":8}}]},"4":{"line":17,"type":"if","locations":[{"start":{"line":17,"column":12},"end":{"line":17,"column":12}},{"start":{"line":17,"column":12},"end":{"line":17,"column":12}}]},"5":{"line":27,"type":"binary-expr","locations":[{"start":{"line":27,"column":11},"end":{"line":27,"column":16}},{"start":{"line":27,"column":20},"end":{"line":27,"column":79}}]},"6":{"line":32,"type":"binary-expr","locations":[{"start":{"line":32,"column":11},"end":{"line":32,"column":16}},{"start":{"line":32,"column":21},"end":{"line":32,"column":54}},{"start":{"line":32,"column":58},"end":{"line":32,"column":74}}]},"7":{"line":36,"type":"if","locations":[{"start":{"line":36,"column":4},"end":{"line":36,"column":4}},{"start":{"line":36,"column":4},"end":{"line":36,"column":4}}]},"8":{"line":45,"type":"if","locations":[{"start":{"line":45,"column":4},"end":{"line":45,"column":4}},{"start":{"line":45,"column":4},"end":{"line":45,"column":4}}]},"9":{"line":49,"type":"if","locations":[{"start":{"line":49,"column":8},"end":{"line":49,"column":8}},{"start":{"line":49,"column":8},"end":{"line":49,"column":8}}]},"10":{"line":58,"type":"binary-expr","locations":[{"start":{"line":58,"column":11},"end":{"line":58,"column":24}},{"start":{"line":58,"column":29},"end":{"line":58,"column":63}},{"start":{"line":58,"column":69},"end":{"line":58,"column":93}},{"start":{"line":58,"column":99},"end":{"line":58,"column":125}},{"start":{"line":58,"column":131},"end":{"line":58,"column":151}},{"start":{"line":58,"column":157},"end":{"line":58,"column":240}}]},"11":{"line":62,"type":"binary-expr","locations":[{"start":{"line":62,"column":12},"end":{"line":62,"column":47}},{"start":{"line":62,"column":51},"end":{"line":62,"column":53}}]},"12":{"line":73,"type":"cond-expr","locations":[{"start":{"line":73,"column":19},"end":{"line":73,"column":49}},{"start":{"line":73,"column":52},"end":{"line":73,"column":70}}]},"13":{"line":95,"type":"cond-expr","locations":[{"start":{"line":95,"column":20},"end":{"line":95,"column":23}},{"start":{"line":95,"column":26},"end":{"line":95,"column":28}}]},"14":{"line":106,"type":"cond-expr","locations":[{"start":{"line":106,"column":20},"end":{"line":106,"column":23}},{"start":{"line":106,"column":26},"end":{"line":106,"column":28}}]}},"code":["// Generated by CoffeeScript 1.10.0","(function() {","  var assign, camelCase, capitalize, isArray, isEmpty, isFunction, isObject, isPlainObject, kebabCase, snakeCase, titleCase, words,","    slice = [].slice,","    hasProp = {}.hasOwnProperty;","","  assign = function() {","    var i, key, len, source, sources, target;","    target = arguments[0], sources = 2 <= arguments.length ? slice.call(arguments, 1) : [];","    if (isFunction(Object.assign)) {","      Object.assign.apply(null, arguments);","    } else {","      for (i = 0, len = sources.length; i < len; i++) {","        source = sources[i];","        if (source != null) {","          for (key in source) {","            if (!hasProp.call(source, key)) continue;","            target[key] = source[key];","          }","        }","      }","    }","    return target;","  };","","  isFunction = function(val) {","    return !!val && Object.prototype.toString.call(val) === '[object Function]';","  };","","  isObject = function(val) {","    var ref;","    return !!val && ((ref = typeof val) === 'function' || ref === 'object');","  };","","  isArray = function(val) {","    if (isFunction(Array.isArray)) {","      return Array.isArray(val);","    } else {","      return Object.prototype.toString.call(val) === '[object Array]';","    }","  };","","  isEmpty = function(val) {","    var key;","    if (isArray(val)) {","      return !val.length;","    } else {","      for (key in val) {","        if (!hasProp.call(val, key)) continue;","        return false;","      }","      return true;","    }","  };","","  isPlainObject = function(val) {","    var ctor, proto;","    return isObject(val) && (proto = Object.getPrototypeOf(val)) && (ctor = proto.constructor) && (typeof ctor === 'function') && (ctor instanceof ctor) && (Function.prototype.toString.call(ctor) === Function.prototype.toString.call(Object));","  };","","  words = function(val) {","    return (val.split(/[-_\\s]+|(?=[A-Z][a-z])/) || []).filter(function(n) {","      return !!n;","    });","  };","","  camelCase = function(val) {","    var i, index, len, r, ref, word;","    r = '';","    ref = words(val);","    for (index = i = 0, len = ref.length; i < len; index = ++i) {","      word = ref[index];","      r += index ? capitalize(word.toLowerCase()) : word.toLowerCase();","    }","    return r;","  };","","  titleCase = function(val) {","    var i, index, len, r, ref, word;","    r = '';","    ref = words(val);","    for (index = i = 0, len = ref.length; i < len; index = ++i) {","      word = ref[index];","      r += capitalize(word.toLowerCase());","    }","    return r;","  };","","  kebabCase = function(val) {","    var i, index, len, r, ref, word;","    r = '';","    ref = words(val);","    for (index = i = 0, len = ref.length; i < len; index = ++i) {","      word = ref[index];","      r += (index ? '-' : '') + word.toLowerCase();","    }","    return r;","  };","","  snakeCase = function(val) {","    var i, index, len, r, ref, word;","    r = '';","    ref = words(val);","    for (index = i = 0, len = ref.length; i < len; index = ++i) {","      word = ref[index];","      r += (index ? '_' : '') + word.toLowerCase();","    }","    return r;","  };","","  capitalize = function(val) {","    return val.charAt(0).toUpperCase() + val.slice(1);","  };","","  module.exports.assign = assign;","","  module.exports.isFunction = isFunction;","","  module.exports.isObject = isObject;","","  module.exports.isArray = isArray;","","  module.exports.isEmpty = isEmpty;","","  module.exports.isPlainObject = isPlainObject;","","  module.exports.camelCase = camelCase;","","  module.exports.titleCase = titleCase;","","  module.exports.kebabCase = kebabCase;","","  module.exports.snakeCase = snakeCase;","","  module.exports.capitalize = capitalize;","","  module.exports.words = words;","","}).call(this);",""],"l":{"2":1,"3":1,"7":1,"8":0,"9":0,"10":0,"11":0,"13":0,"14":0,"15":0,"16":0,"17":0,"18":0,"23":0,"26":1,"27":0,"30":1,"31":0,"32":0,"35":1,"36":0,"37":0,"39":0,"43":1,"44":0,"45":0,"46":0,"48":0,"49":0,"50":0,"52":0,"56":1,"57":0,"58":0,"61":1,"62":0,"63":0,"67":1,"68":0,"69":0,"70":0,"71":0,"72":0,"73":0,"75":0,"78":1,"79":0,"80":0,"81":0,"82":0,"83":0,"84":0,"86":0,"89":1,"90":0,"91":0,"92":0,"93":0,"94":0,"95":0,"97":0,"100":1,"101":0,"102":0,"103":0,"104":0,"105":0,"106":0,"108":0,"111":1,"112":0,"115":1,"117":1,"119":1,"121":1,"123":1,"125":1,"127":1,"129":1,"131":1,"133":1,"135":1,"137":1}},"/home/travis/build/npmtest/node-npmtest-xmlbuilder/node_modules/xmlbuilder/lib/XMLDocument.js":{"path":"/home/travis/build/npmtest/node-npmtest-xmlbuilder/node_modules/xmlbuilder/lib/XMLDocument.js","s":{"1":1,"2":1,"3":1,"4":0,"5":0,"6":1,"7":1,"8":1,"9":1,"10":1,"11":1,"12":1,"13":1,"14":1,"15":1,"16":1,"17":1,"18":1,"19":0,"20":0,"21":0,"22":0,"23":0,"24":0,"25":0,"26":1,"27":0,"28":0,"29":0,"30":0,"31":0,"32":0,"33":0,"34":1,"35":0,"36":1},"b":{"1":[0,0],"2":[0,0],"3":[0,0],"4":[0,0],"5":[0,0]},"f":{"1":1,"2":1,"3":1,"4":1,"5":0,"6":0,"7":0},"fnMap":{"1":{"name":"(anonymous_1)","line":2,"loc":{"start":{"line":2,"column":1},"end":{"line":2,"column":12}}},"2":{"name":"(anonymous_2)","line":4,"loc":{"start":{"line":4,"column":13},"end":{"line":4,"column":37}}},"3":{"name":"ctor","line":4,"loc":{"start":{"line":4,"column":124},"end":{"line":4,"column":140}}},"4":{"name":"(anonymous_4)","line":15,"loc":{"start":{"line":15,"column":34},"end":{"line":15,"column":55}}},"5":{"name":"XMLDocument","line":18,"loc":{"start":{"line":18,"column":4},"end":{"line":18,"column":34}}},"6":{"name":"(anonymous_6)","line":29,"loc":{"start":{"line":29,"column":32},"end":{"line":29,"column":49}}},"7":{"name":"(anonymous_7)","line":40,"loc":{"start":{"line":40,"column":37},"end":{"line":40,"column":55}}}},"statementMap":{"1":{"start":{"line":2,"column":0},"end":{"line":48,"column":14}},"2":{"start":{"line":3,"column":2},"end":{"line":5,"column":32}},"3":{"start":{"line":4,"column":39},"end":{"line":4,"column":123}},"4":{"start":{"line":4,"column":65},"end":{"line":4,"column":121}},"5":{"start":{"line":4,"column":96},"end":{"line":4,"column":121}},"6":{"start":{"line":4,"column":124},"end":{"line":4,"column":169}},"7":{"start":{"line":4,"column":142},"end":{"line":4,"column":167}},"8":{"start":{"line":4,"column":170},"end":{"line":4,"column":204}},"9":{"start":{"line":4,"column":205},"end":{"line":4,"column":234}},"10":{"start":{"line":4,"column":235},"end":{"line":4,"column":270}},"11":{"start":{"line":4,"column":271},"end":{"line":4,"column":284}},"12":{"start":{"line":7,"column":2},"end":{"line":7,"column":53}},"13":{"start":{"line":9,"column":2},"end":{"line":9,"column":33}},"14":{"start":{"line":11,"column":2},"end":{"line":11,"column":47}},"15":{"start":{"line":13,"column":2},"end":{"line":13,"column":49}},"16":{"start":{"line":15,"column":2},"end":{"line":46,"column":14}},"17":{"start":{"line":16,"column":4},"end":{"line":16,"column":36}},"18":{"start":{"line":18,"column":4},"end":{"line":27,"column":5}},"19":{"start":{"line":19,"column":6},"end":{"line":19,"column":57}},"20":{"start":{"line":20,"column":6},"end":{"line":20,"column":32}},"21":{"start":{"line":21,"column":6},"end":{"line":23,"column":7}},"22":{"start":{"line":22,"column":8},"end":{"line":22,"column":47}},"23":{"start":{"line":24,"column":6},"end":{"line":24,"column":29}},"24":{"start":{"line":25,"column":6},"end":{"line":25,"column":51}},"25":{"start":{"line":26,"column":6},"end":{"line":26,"column":29}},"26":{"start":{"line":29,"column":4},"end":{"line":38,"column":6}},"27":{"start":{"line":30,"column":6},"end":{"line":30,"column":24}},"28":{"start":{"line":31,"column":6},"end":{"line":36,"column":7}},"29":{"start":{"line":32,"column":8},"end":{"line":32,"column":37}},"30":{"start":{"line":33,"column":13},"end":{"line":36,"column":7}},"31":{"start":{"line":34,"column":8},"end":{"line":34,"column":31}},"32":{"start":{"line":35,"column":8},"end":{"line":35,"column":56}},"33":{"start":{"line":37,"column":6},"end":{"line":37,"column":35}},"34":{"start":{"line":40,"column":4},"end":{"line":42,"column":6}},"35":{"start":{"line":41,"column":6},"end":{"line":41,"column":61}},"36":{"start":{"line":44,"column":4},"end":{"line":44,"column":23}}},"branchMap":{"1":{"line":4,"type":"if","locations":[{"start":{"line":4,"column":65},"end":{"line":4,"column":65}},{"start":{"line":4,"column":65},"end":{"line":4,"column":65}}]},"2":{"line":20,"type":"binary-expr","locations":[{"start":{"line":20,"column":6},"end":{"line":20,"column":13}},{"start":{"line":20,"column":18},"end":{"line":20,"column":30}}]},"3":{"line":21,"type":"if","locations":[{"start":{"line":21,"column":6},"end":{"line":21,"column":6}},{"start":{"line":21,"column":6},"end":{"line":21,"column":6}}]},"4":{"line":31,"type":"if","locations":[{"start":{"line":31,"column":6},"end":{"line":31,"column":6}},{"start":{"line":31,"column":6},"end":{"line":31,"column":6}}]},"5":{"line":33,"type":"if","locations":[{"start":{"line":33,"column":13},"end":{"line":33,"column":13}},{"start":{"line":33,"column":13},"end":{"line":33,"column":13}}]}},"code":["// Generated by CoffeeScript 1.10.0","(function() {","  var XMLDocument, XMLNode, XMLStringWriter, XMLStringifier, isPlainObject,","    extend = function(child, parent) { for (var key in parent) { if (hasProp.call(parent, key)) child[key] = parent[key]; } function ctor() { this.constructor = child; } ctor.prototype = parent.prototype; child.prototype = new ctor(); child.__super__ = parent.prototype; return child; },","    hasProp = {}.hasOwnProperty;","","  isPlainObject = require('./Utility').isPlainObject;","","  XMLNode = require('./XMLNode');","","  XMLStringifier = require('./XMLStringifier');","","  XMLStringWriter = require('./XMLStringWriter');","","  module.exports = XMLDocument = (function(superClass) {","    extend(XMLDocument, superClass);","","    function XMLDocument(options) {","      XMLDocument.__super__.constructor.call(this, null);","      options || (options = {});","      if (!options.writer) {","        options.writer = new XMLStringWriter();","      }","      this.options = options;","      this.stringify = new XMLStringifier(options);","      this.isDocument = true;","    }","","    XMLDocument.prototype.end = function(writer) {","      var writerOptions;","      if (!writer) {","        writer = this.options.writer;","      } else if (isPlainObject(writer)) {","        writerOptions = writer;","        writer = this.options.writer.set(writerOptions);","      }","      return writer.document(this);","    };","","    XMLDocument.prototype.toString = function(options) {","      return this.options.writer.set(options).document(this);","    };","","    return XMLDocument;","","  })(XMLNode);","","}).call(this);",""],"l":{"2":1,"3":1,"4":1,"7":1,"9":1,"11":1,"13":1,"15":1,"16":1,"18":1,"19":0,"20":0,"21":0,"22":0,"24":0,"25":0,"26":0,"29":1,"30":0,"31":0,"32":0,"33":0,"34":0,"35":0,"37":0,"40":1,"41":0,"44":1}},"/home/travis/build/npmtest/node-npmtest-xmlbuilder/node_modules/xmlbuilder/lib/XMLNode.js":{"path":"/home/travis/build/npmtest/node-npmtest-xmlbuilder/node_modules/xmlbuilder/lib/XMLNode.js","s":{"1":1,"2":1,"3":1,"4":1,"5":1,"6":1,"7":1,"8":1,"9":1,"10":1,"11":1,"12":1,"13":1,"14":0,"15":0,"16":0,"17":0,"18":0,"19":0,"20":0,"21":0,"22":0,"23":0,"24":0,"25":0,"26":0,"27":0,"28":1,"29":0,"30":0,"31":0,"32":0,"33":0,"34":0,"35":0,"36":0,"37":0,"38":0,"39":0,"40":0,"41":0,"42":0,"43":0,"44":0,"45":0,"46":0,"47":0,"48":0,"49":0,"50":0,"51":0,"52":0,"53":0,"54":0,"55":0,"56":0,"57":0,"58":0,"59":0,"60":0,"61":0,"62":0,"63":0,"64":0,"65":0,"66":0,"67":0,"68":0,"69":0,"70":0,"71":0,"72":0,"73":0,"74":0,"75":0,"76":0,"77":0,"78":0,"79":1,"80":0,"81":0,"82":0,"83":0,"84":0,"85":0,"86":0,"87":0,"88":1,"89":0,"90":0,"91":0,"92":0,"93":0,"94":0,"95":0,"96":0,"97":1,"98":0,"99":0,"100":0,"101":0,"102":0,"103":0,"104":1,"105":0,"106":0,"107":0,"108":0,"109":0,"110":0,"111":0,"112":0,"113":0,"114":0,"115":0,"116":0,"117":1,"118":0,"119":0,"120":0,"121":0,"122":1,"123":0,"124":0,"125":0,"126":0,"127":1,"128":0,"129":0,"130":0,"131":0,"132":1,"133":0,"134":0,"135":0,"136":0,"137":0,"138":0,"139":1,"140":0,"141":0,"142":0,"143":0,"144":0,"145":0,"146":1,"147":0,"148":0,"149":0,"150":0,"151":1,"152":0,"153":0,"154":0,"155":0,"156":0,"157":0,"158":0,"159":0,"160":0,"161":0,"162":0,"163":0,"164":0,"165":0,"166":0,"167":0,"168":0,"169":0,"170":0,"171":0,"172":1,"173":0,"174":0,"175":0,"176":0,"177":0,"178":0,"179":1,"180":0,"181":0,"182":0,"183":0,"184":0,"185":0,"186":1,"187":0,"188":0,"189":0,"190":0,"191":0,"192":0,"193":0,"194":1,"195":0,"196":0,"197":0,"198":0,"199":0,"200":0,"201":0,"202":0,"203":0,"204":0,"205":0,"206":0,"207":0,"208":0,"209":0,"210":0,"211":0,"212":1,"213":0,"214":0,"215":0,"216":1,"217":0,"21
[...]
:10},"end":{"line":243,"column":81}},"168":{"start":{"line":244,"column":15},"end":{"line":246,"column":9}},"169":{"start":{"line":245,"column":10},"end":{"line":245,"column":60}},"170":{"start":{"line":247,"column":8},"end":{"line":249,"column":9}},"171":{"start":{"line":248,"column":10},"end":{"line":248,"column":52}},"172":{"start":{"line":251,"column":6},"end":{"line":251,"column":57}},"173":{"start":{"line":254,"column":4},"end":{"line":264,"column":6}},"174":{"start":{"line":255,"column":6},"end":{"line":255,"column":71}},"175":{"start":{"line":256,"column":6},"end":{"line":262,"column":7}},"176":{"start":{"line":257,"column":8},"end":{"line":257,"column":79}},"177":{"start":{"line":258,"column":13},"end":{"line":262,"column":7}},"178":{"start":{"line":259,"column":8},"end":{"line":259,"column":58}},"179":{"start":{"line":260,"column":13},"end":{"line":262,"column":7}},"180":{"start":{"line":261,"column":8},"end":{"line":261,"column":58}},"181":{"start":{"line":263,"column":6},"end":{"line":263,"column":57}},"182":{"start":{"line":266,"column":4},"end":{"line":272,"column":6}},"183":{"start":{"line":267,"column":6},"end":{"line":271,"column":7}},"184":{"start":{"line":268,"column":8},"end":{"line":268,"column":28}},"185":{"start":{"line":270,"column":8},"end":{"line":270,"column":18}},"186":{"start":{"line":274,"column":4},"end":{"line":274,"column":27}}},"branchMap":{"1":{"line":4,"type":"if","locations":[{"start":{"line":4,"column":65},"end":{"line":4,"column":65}},{"start":{"line":4,"column":65},"end":{"line":4,"column":65}}]},"2":{"line":53,"type":"switch","locations":[{"start":{"line":54,"column":10},"end":{"line":56,"column":18}},{"start":{"line":57,"column":10},"end":{"line":59,"column":18}},{"start":{"line":60,"column":10},"end":{"line":62,"column":18}},{"start":{"line":63,"column":10},"end":{"line":65,"column":18}},{"start":{"line":66,"column":10},"end":{"line":67,"column":46}}]},"3":{"line":88,"type":"if","locations":[{"start":{"line":88,"column":6},"end":{"line":88,"column":6}},{"start":{"line":88,"column":6},"end":{"line":88,"column":6}}]},"4":{"line":91,"type":"if","locations":[{"start":{"line":91,"column":6},"end":{"line":91,"column":6}},{"start":{"line":91,"column":6},"end":{"line":91,"column":6}}]},"5":{"line":100,"type":"binary-expr","locations":[{"start":{"line":100,"column":6},"end":{"line":100,"column":11}},{"start":{"line":100,"column":16},"end":{"line":100,"column":25}}]},"6":{"line":103,"type":"if","locations":[{"start":{"line":103,"column":6},"end":{"line":103,"column":6}},{"start":{"line":103,"column":6},"end":{"line":103,"column":6}}]},"7":{"line":103,"type":"binary-expr","locations":[{"start":{"line":103,"column":10},"end":{"line":103,"column":20}},{"start":{"line":103,"column":24},"end":{"line":103,"column":34}}]},"8":{"line":105,"type":"if","locations":[{"start":{"line":105,"column":13},"end":{"line":105,"column":13}},{"start":{"line":105,"column":13},"end":{"line":105,"column":13}}]},"9":{"line":108,"type":"if","locations":[{"start":{"line":108,"column":6},"end":{"line":108,"column":6}},{"start":{"line":108,"column":6},"end":{"line":108,"column":6}}]},"10":{"line":114,"type":"switch","locations":[{"start":{"line":115,"column":12},"end":{"line":117,"column":20}},{"start":{"line":118,"column":12},"end":{"line":120,"column":20}},{"start":{"line":121,"column":12},"end":{"line":123,"column":20}},{"start":{"line":124,"column":12},"end":{"line":126,"column":20}},{"start":{"line":127,"column":12},"end":{"line":129,"column":20}},{"start":{"line":130,"column":12},"end":{"line":132,"column":20}},{"start":{"line":133,"column":12},"end":{"line":135,"column":20}},{"start":{"line":136,"column":12},"end":{"line":137,"column":82}}]},"11":{"line":148,"type":"binary-expr","locations":[{"start":{"line":148,"column":6},"end":{"line":148,"column":11}},{"start":{"line":148,"column":16},"end":{"line":148,"column":25}}]},"12":{"line":153,"type":"if","locations":[{"start":{"line":153,"column":8},"end":{"line":153,"column":8}},{"start":{"line":153,"column":8},"end":{"line":153,"column":8}}]},"13":{"line":157,"type":"if","locations":[{"start":{"line":157,"column":6},"end":{"line":157,"column":6}},{"start":{"line":157,"column":6},"end":{"line":157,"column":6}}]},"14":{"line":157,"type":"binary-expr","locations":[{"start":{"line":157,"column":10},"end":{"line":157,"column":36}},{"start":{"line":157,"column":40},"end":{"line":159,"column":8}}]},"15":{"line":160,"type":"if","locations":[{"start":{"line":160,"column":8},"end":{"line":160,"column":8}},{"start":{"line":160,"column":8},"end":{"line":160,"column":8}}]},"16":{"line":165,"type":"if","locations":[{"start":{"line":165,"column":13},"end":{"line":165,"column":13}},{"start":{"line":165,"column":13},"end":{"line":165,"column":13}}]},"17":{"line":165,"type":"binary-expr","locations":[{"start":{"line":165,"column":17},"end":{"line":165,"column":28}},{"start":{"line":165,"column":32},"end":{"line":165,"column":58}},{"start":{"line":165,"column":63},"end":{"line":165,"column":93}}]},"18":{"line":174,"type":"switch","locations":[{"start":{"line":175,"column":12},"end":{"line":177,"column":20}},{"start":{"line":178,"column":12},"end":{"line":180,"column":20}},{"start":{"line":181,"column":12},"end":{"line":183,"column":20}},{"start":{"line":184,"column":12},"end":{"line":186,"column":20}},{"start":{"line":187,"column":12},"end":{"line":189,"column":20}},{"start":{"line":190,"column":12},"end":{"line":192,"column":20}},{"start":{"line":193,"column":12},"end":{"line":194,"column":82}}]},"19":{"line":204,"type":"if","locations":[{"start":{"line":204,"column":6},"end":{"line":204,"column":6}},{"start":{"line":204,"column":6},"end":{"line":204,"column":6}}]},"20":{"line":220,"type":"if","locations":[{"start":{"line":220,"column":6},"end":{"line":220,"column":6}},{"start":{"line":220,"column":6},"end":{"line":220,"column":6}}]},"21":{"line":223,"type":"if","locations":[{"start":{"line":223,"column":6},"end":{"line":223,"column":6}},{"start":{"line":223,"column":6},"end":{"line":223,"column":6}}]},"22":{"line":235,"type":"if","locations":[{"start":{"line":235,"column":6},"end":{"line":235,"column":6}},{"start":{"line":235,"column":6},"end":{"line":235,"column":6}}]},"23":{"line":239,"type":"if","locations":[{"start":{"line":239,"column":6},"end":{"line":239,"column":6}},{"start":{"line":239,"column":6},"end":{"line":239,"column":6}}]},"24":{"line":242,"type":"if","locations":[{"start":{"line":242,"column":8},"end":{"line":242,"column":8}},{"start":{"line":242,"column":8},"end":{"line":242,"column":8}}]},"25":{"line":242,"type":"binary-expr","locations":[{"start":{"line":242,"column":12},"end":{"line":242,"column":22}},{"start":{"line":242,"column":26},"end":{"line":242,"column":36}}]},"26":{"line":244,"type":"if","locations":[{"start":{"line":244,"column":15},"end":{"line":244,"column":15}},{"start":{"line":244,"column":15},"end":{"line":244,"column":15}}]},"27":{"line":247,"type":"if","locations":[{"start":{"line":247,"column":8},"end":{"line":247,"column":8}},{"start":{"line":247,"column":8},"end":{"line":247,"column":8}}]},"28":{"line":256,"type":"if","locations":[{"start":{"line":256,"column":6},"end":{"line":256,"column":6}},{"start":{"line":256,"column":6},"end":{"line":256,"column":6}}]},"29":{"line":256,"type":"binary-expr","locations":[{"start":{"line":256,"column":10},"end":{"line":256,"column":20}},{"start":{"line":256,"column":24},"end":{"line":256,"column":34}}]},"30":{"line":258,"type":"if","locations":[{"start":{"line":258,"column":13},"end":{"line":258,"column":13}},{"start":{"line":258,"column":13},"end":{"line":258,"column":13}}]},"31":{"line":260,"type":"if","locations":[{"start":{"line":260,"column":13},"end":{"line":260,"column":13}},{"start":{"line":260,"column":13},"end":{"line":260,"column":13}}]},"32":{"line":267,"type":"if","locations":[{"start":{"line":267,"column":6},"end":{"line":267,"column":6}},{"start":{"line":267,"column":6},"end":{"line":267,"column":6}}]}},"code":["// Generated by CoffeeScript 1.10.0","(function() {","  var XMLCData, XMLComment, XMLDTDAttList, XMLDTDElement, XMLDTDEntity, XMLDTDNotation, XMLDeclaration, XMLDocType, XMLElement, XMLProcessingInstruction, XMLRaw, XMLStreamWriter, XMLText, XMLWriterBase,","    extend = function(child, parent) { for (var key in parent) { if (hasProp.call(parent, key)) child[key] = parent[key]; } function ctor() { this.constructor = child; } ctor.prototype = parent.prototype; child.prototype = new ctor(); child.__super__ = parent.prototype; return child; },","    hasProp = {}.hasOwnProperty;","","  XMLDeclaration = require('./XMLDeclaration');","","  XMLDocType = require('./XMLDocType');","","  XMLCData = require('./XMLCData');","","  XMLComment = require('./XMLComment');","","  XMLElement = require('./XMLElement');","","  XMLRaw = require('./XMLRaw');","","  XMLText = require('./XMLText');","","  XMLProcessingInstruction = require('./XMLProcessingInstruction');","","  XMLDTDAttList = require('./XMLDTDAttList');","","  XMLDTDElement = require('./XMLDTDElement');","","  XMLDTDEntity = require('./XMLDTDEntity');","","  XMLDTDNotation = require('./XMLDTDNotation');","","  XMLWriterBase = require('./XMLWriterBase');","","  module.exports = XMLStreamWriter = (function(superClass) {","    extend(XMLStreamWriter, superClass);","","    function XMLStreamWriter(stream, options) {","      this.stream = stream;","      XMLStreamWriter.__super__.constructor.call(this, options);","    }","","    XMLStreamWriter.prototype.document = function(doc) {","      var child, i, j, len, len1, ref, ref1, results;","      ref = doc.children;","      for (i = 0, len = ref.length; i < len; i++) {","        child = ref[i];","        child.isLastRootNode = false;","      }","      doc.children[doc.children.length - 1].isLastRootNode = true;","      ref1 = doc.children;","      results = [];","      for (j = 0, len1 = ref1.length; j < len1; j++) {","        child = ref1[j];","        switch (false) {","          case !(child instanceof XMLDeclaration):","            results.push(this.declaration(child));","            break;","          case !(child instanceof XMLDocType):","            results.push(this.docType(child));","            break;","          case !(child instanceof XMLComment):","            results.push(this.comment(child));","            break;","          case !(child instanceof XMLProcessingInstruction):","            results.push(this.processingInstruction(child));","            break;","          default:","            results.push(this.element(child));","        }","      }","      return results;","    };","","    XMLStreamWriter.prototype.attribute = function(att) {","      return this.stream.write(' ' + att.name + '=\"' + att.value + '\"');","    };","","    XMLStreamWriter.prototype.cdata = function(node, level) {","      return this.stream.write(this.space(level) + '<![CDATA[' + node.text + ']]>' + this.endline(node));","    };","","    XMLStreamWriter.prototype.comment = function(node, level) {","      return this.stream.write(this.space(level) + '<!-- ' + node.text + ' -->' + this.endline(node));","    };","","    XMLStreamWriter.prototype.declaration = function(node, level) {","      this.stream.write(this.space(level));","      this.stream.write('<?xml version=\"' + node.version + '\"');","      if (node.encoding != null) {","        this.stream.write(' encoding=\"' + node.encoding + '\"');","      }","      if (node.standalone != null) {","        this.stream.write(' standalone=\"' + node.standalone + '\"');","      }","      this.stream.write('?>');","      return this.stream.write(this.endline(node));","    };","","    XMLStreamWriter.prototype.docType = function(node, level) {","      var child, i, len, ref;","      level || (level = 0);","      this.stream.write(this.space(level));","      this.stream.write('<!DOCTYPE ' + node.root().name);","      if (node.pubID && node.sysID) {","        this.stream.write(' PUBLIC \"' + node.pubID + '\" \"' + node.sysID + '\"');","      } else if (node.sysID) {","        this.stream.write(' SYSTEM \"' + node.sysID + '\"');","      }","      if (node.children.length > 0) {","        this.stream.write(' [');","        this.stream.write(this.endline(node));","        ref = node.children;","        for (i = 0, len = ref.length; i < len; i++) {","          child = ref[i];","          switch (false) {","            case !(child instanceof XMLDTDAttList):","              this.dtdAttList(child, level + 1);","              break;","            case !(child instanceof XMLDTDElement):","              this.dtdElement(child, level + 1);","              break;","            case !(child instanceof XMLDTDEntity):","              this.dtdEntity(child, level + 1);","              break;","            case !(child instanceof XMLDTDNotation):","              this.dtdNotation(child, level + 1);","              break;","            case !(child instanceof XMLCData):","              this.cdata(child, level + 1);","              break;","            case !(child instanceof XMLComment):","              this.comment(child, level + 1);","              break;","            case !(child instanceof XMLProcessingInstruction):","              this.processingInstruction(child, level + 1);","              break;","            default:","              throw new Error(\"Unknown DTD node type: \" + child.constructor.name);","          }","        }","        this.stream.write(']');","      }","      this.stream.write('>');","      return this.stream.write(this.endline(node));","    };","","    XMLStreamWriter.prototype.element = function(node, level) {","      var att, child, i, len, name, ref, ref1, space;","      level || (level = 0);","      space = this.space(level);","      this.stream.write(space + '<' + node.name);","      ref = node.attributes;","      for (name in ref) {","        if (!hasProp.call(ref, name)) continue;","        att = ref[name];","        this.attribute(att);","      }","      if (node.children.length === 0 || node.children.every(function(e) {","        return e.value === '';","      })) {","        if (this.allowEmpty) {","          this.stream.write('></' + node.name + '>');","        } else {","          this.stream.write('/>');","        }","      } else if (this.pretty && node.children.length === 1 && (node.children[0].value != null)) {","        this.stream.write('>');","        this.stream.write(node.children[0].value);","        this.stream.write('</' + node.name + '>');","      } else {","        this.stream.write('>' + this.newline);","        ref1 = node.children;","        for (i = 0, len = ref1.length; i < len; i++) {","          child = ref1[i];","          switch (false) {","            case !(child instanceof XMLCData):","              this.cdata(child, level + 1);","              break;","            case !(child instanceof XMLComment):","              this.comment(child, level + 1);","              break;","            case !(child instanceof XMLElement):","              this.element(child, level + 1);","              break;","            case !(child instanceof XMLRaw):","              this.raw(child, level + 1);","              break;","            case !(child instanceof XMLText):","              this.text(child, level + 1);","              break;","            case !(child instanceof XMLProcessingInstruction):","              this.processingInstruction(child, level + 1);","              break;","            default:","              throw new Error(\"Unknown XML node type: \" + child.constructor.name);","          }","        }","        this.stream.write(space + '</' + node.name + '>');","      }","      return this.stream.write(this.endline(node));","    };","","    XMLStreamWriter.prototype.processingInstruction = function(node, level) {","      this.stream.write(this.space(level) + '<?' + node.target);","      if (node.value) {","        this.stream.write(' ' + node.value);","      }","      return this.stream.write('?>' + this.endline(node));","    };","","    XMLStreamWriter.prototype.raw = function(node, level) {","      return this.stream.write(this.space(level) + node.value + this.endline(node));","    };","","    XMLStreamWriter.prototype.text = function(node, level) {","      return this.stream.write(this.space(level) + node.value + this.endline(node));","    };","","    XMLStreamWriter.prototype.dtdAttList = function(node, level) {","      this.stream.write(this.space(level) + '<!ATTLIST ' + node.elementName + ' ' + node.attributeName + ' ' + node.attributeType);","      if (node.defaultValueType !== '#DEFAULT') {","        this.stream.write(' ' + node.defaultValueType);","      }","      if (node.defaultValue) {","        this.stream.write(' \"' + node.defaultValue + '\"');","      }","      return this.stream.write('>' + this.endline(node));","    };","","    XMLStreamWriter.prototype.dtdElement = function(node, level) {","      return this.stream.write(this.space(level) + '<!ELEMENT ' + node.name + ' ' + node.value + '>' + this.endline(node));","    };","","    XMLStreamWriter.prototype.dtdEntity = function(node, level) {","      this.stream.write(this.space(level) + '<!ENTITY');","      if (node.pe) {","        this.stream.write(' %');","      }","      this.stream.write(' ' + node.name);","      if (node.value) {","        this.stream.write(' \"' + node.value + '\"');","      } else {","        if (node.pubID && node.sysID) {","          this.stream.write(' PUBLIC \"' + node.pubID + '\" \"' + node.sysID + '\"');","        } else if (node.sysID) {","          this.stream.write(' SYSTEM \"' + node.sysID + '\"');","        }","        if (node.nData) {","          this.stream.write(' NDATA ' + node.nData);","        }","      }","      return this.stream.write('>' + this.endline(node));","    };","","    XMLStreamWriter.prototype.dtdNotation = function(node, level) {","      this.stream.write(this.space(level) + '<!NOTATION ' + node.name);","      if (node.pubID && node.sysID) {","        this.stream.write(' PUBLIC \"' + node.pubID + '\" \"' + node.sysID + '\"');","      } else if (node.pubID) {","        this.stream.write(' PUBLIC \"' + node.pubID + '\"');","      } else if (node.sysID) {","        this.stream.write(' SYSTEM \"' + node.sysID + '\"');","      }","      return this.stream.write('>' + this.endline(node));","    };","","    XMLStreamWriter.prototype.endline = function(node) {","      if (!node.isLastRootNode) {","        return this.newline;","      } else {","        return '';","      }","    };","","    return XMLStreamWriter;","","  })(XMLWriterBase);","","}).call(this);",""],"l":{"2":1,"3":1,"4":1,"7":1,"9":1,"11":1,"13":1,"15":1,"17":1,"19":1,"21":1,"23":1,"25":1,"27":1,"29":1,"31":1,"33":1,"34":1,"36":1,"37":0,"38":0,"41":1,"42":0,"43":0,"44":0,"45":0,"46":0,"48":0,"49":0,"50":0,"51":0,"52":0,"53":0,"55":0,"56":0,"58":0,"59":0,"61":0,"62":0,"64":0,"65":0,"67":0,"70":0,"73":1,"74":0,"77":1,"78":0,"81":1,"82":0,"85":1,"86":0,"87":0,"88":0,"89":0,"91":0,"92":0,"94":0,"95":0,"98":1,"99":0,"100":0,"101":0,"102":0,"103":0,"104":0,"105":0,"106":0,"108":0,"109":0,"110":0,"111":0,"112":0,"113":0,"114":0,"116":0,"117":0,"119":0,"120":0,"122":0,"123":0,"125":0,"126":0,"128":0,"129":0,"131":0,"132":0,"134":0,"135":0,"137":0,"140":0,"142":0,"143":0,"146":1,"147":0,"148":0,"149":0,"150":0,"151":0,"152":0,"153":0,"154":0,"155":0,"157":0,"158":0,"160":0,"161":0,"163":0,"165":0,"166":0,"167":0,"168":0,"170":0,"171":0,"172":0,"173":0,"174":0,"176":0,"177":0,"179":0,"180":0,"182":0,"183":0,"185":0,"186":0,"188":0,"189":0,"191":0,"192":0,"194":0,"197":0,"199":0,"202":1,"203":0,"204":0,"205":0,"207":0,"210":1,"211":0,"214":1,"215":0,"218":1,"219":0,"220":0,"221":0,"223":0,"224":0,"226":0,"229":1,"230":0,"233":1,"234":0,"235":0,"236":0,"238":0,"239":0,"240":0,"242":0,"243":0,"244":0,"245":0,"247":0,"248":0,"251":0,"254":1,"255":0,"256":0,"257":0,"258":0,"259":0,"260":0,"261":0,"263":0,"266":1,"267":0,"268":0,"270":0,"274":1}}}